{"/Users/kumaakai/Desktop/Inditex/inditex/app/layout.tsx": {"path":"/Users/kumaakai/Desktop/Inditex/inditex/app/layout.tsx","statementMap":{"0":{"start":{"line":11,"column":24},"end":{"line":11,"column":35}},"1":{"start":{"line":2,"column":22},"end":{"line":2,"column":null}},"2":{"start":{"line":4,"column":37},"end":{"line":4,"column":null}},"3":{"start":{"line":5,"column":26},"end":{"line":5,"column":null}},"4":{"start":{"line":7,"column":7},"end":{"line":7,"column":null}},"5":{"start":{"line":9,"column":14},"end":{"line":9,"column":null}}},"fnMap":{"0":{"name":"RootLayout","decl":{"start":{"line":11,"column":24},"end":{"line":11,"column":35}},"loc":{"start":{"line":15,"column":1},"end":{"line":25,"column":null}}}},"branchMap":{},"s":{"0":1,"1":1,"2":1,"3":1,"4":1,"5":1},"f":{"0":1},"b":{}}
,"/Users/kumaakai/Desktop/Inditex/inditex/app/middleware.ts": {"path":"/Users/kumaakai/Desktop/Inditex/inditex/app/middleware.ts","statementMap":{"0":{"start":{"line":3,"column":16},"end":{"line":3,"column":26}},"1":{"start":{"line":15,"column":13},"end":{"line":15,"column":19}},"2":{"start":{"line":5,"column":21},"end":{"line":9,"column":null}},"3":{"start":{"line":11,"column":4},"end":{"line":11,"column":null}},"4":{"start":{"line":12,"column":4},"end":{"line":12,"column":null}},"5":{"start":{"line":15,"column":22},"end":{"line":17,"column":null}}},"fnMap":{"0":{"name":"middleware","decl":{"start":{"line":3,"column":16},"end":{"line":3,"column":26}},"loc":{"start":{"line":3,"column":43},"end":{"line":13,"column":null}}}},"branchMap":{},"s":{"0":0,"1":0,"2":0,"3":0,"4":0,"5":0},"f":{"0":0},"b":{}}
,"/Users/kumaakai/Desktop/Inditex/inditex/app/page.tsx": {"path":"/Users/kumaakai/Desktop/Inditex/inditex/app/page.tsx","statementMap":{"0":{"start":{"line":4,"column":24},"end":{"line":4,"column":null}},"1":{"start":{"line":1,"column":22},"end":{"line":1,"column":null}},"2":{"start":{"line":2,"column":25},"end":{"line":2,"column":null}}},"fnMap":{"0":{"name":"HomePageApp","decl":{"start":{"line":4,"column":24},"end":{"line":4,"column":null}},"loc":{"start":{"line":4,"column":24},"end":{"line":10,"column":null}}}},"branchMap":{},"s":{"0":1,"1":1,"2":1},"f":{"0":1},"b":{}}
,"/Users/kumaakai/Desktop/Inditex/inditex/app/registry.tsx": {"path":"/Users/kumaakai/Desktop/Inditex/inditex/app/registry.tsx","statementMap":{"0":{"start":{"line":6,"column":24},"end":{"line":6,"column":49}},"1":{"start":{"line":2,"column":32},"end":{"line":2,"column":null}},"2":{"start":{"line":3,"column":38},"end":{"line":3,"column":null}},"3":{"start":{"line":4,"column":52},"end":{"line":4,"column":null}},"4":{"start":{"line":13,"column":39},"end":{"line":13,"column":null}},"5":{"start":{"line":13,"column":54},"end":{"line":13,"column":null}},"6":{"start":{"line":15,"column":2},"end":{"line":19,"column":null}},"7":{"start":{"line":16,"column":19},"end":{"line":16,"column":null}},"8":{"start":{"line":17,"column":4},"end":{"line":17,"column":null}}},"fnMap":{"0":{"name":"StyledComponentsRegistry","decl":{"start":{"line":6,"column":24},"end":{"line":6,"column":49}},"loc":{"start":{"line":10,"column":1},"end":{"line":30,"column":null}}},"1":{"name":"(anonymous_5)","decl":{"start":{"line":13,"column":48},"end":{"line":13,"column":54}},"loc":{"start":{"line":13,"column":54},"end":{"line":13,"column":null}}},"2":{"name":"(anonymous_6)","decl":{"start":{"line":15,"column":24},"end":{"line":15,"column":null}},"loc":{"start":{"line":15,"column":24},"end":{"line":19,"column":null}}}},"branchMap":{},"s":{"0":2,"1":2,"2":2,"3":2,"4":2,"5":2,"6":2,"7":1,"8":1},"f":{"0":2,"1":2,"2":1},"b":{}}
,"/Users/kumaakai/Desktop/Inditex/inditex/app/podcast/page.tsx": {"path":"/Users/kumaakai/Desktop/Inditex/inditex/app/podcast/page.tsx","statementMap":{"0":{"start":{"line":4,"column":24},"end":{"line":4,"column":null}},"1":{"start":{"line":1,"column":22},"end":{"line":1,"column":null}},"2":{"start":{"line":2,"column":25},"end":{"line":2,"column":null}}},"fnMap":{"0":{"name":"HomePageApp","decl":{"start":{"line":4,"column":24},"end":{"line":4,"column":null}},"loc":{"start":{"line":4,"column":24},"end":{"line":10,"column":null}}}},"branchMap":{},"s":{"0":1,"1":1,"2":1},"f":{"0":1},"b":{}}
,"/Users/kumaakai/Desktop/Inditex/inditex/app/podcast/[podcastId]/page.tsx": {"path":"/Users/kumaakai/Desktop/Inditex/inditex/app/podcast/[podcastId]/page.tsx","statementMap":{"0":{"start":{"line":5,"column":24},"end":{"line":5,"column":null}},"1":{"start":{"line":2,"column":26},"end":{"line":2,"column":null}},"2":{"start":{"line":3,"column":25},"end":{"line":3,"column":null}}},"fnMap":{"0":{"name":"HomePageApp","decl":{"start":{"line":5,"column":24},"end":{"line":5,"column":null}},"loc":{"start":{"line":5,"column":24},"end":{"line":11,"column":null}}}},"branchMap":{},"s":{"0":1,"1":1,"2":1},"f":{"0":1},"b":{}}
,"/Users/kumaakai/Desktop/Inditex/inditex/app/podcast/[podcastId]/episode/[episodeId]/page.tsx": {"path":"/Users/kumaakai/Desktop/Inditex/inditex/app/podcast/[podcastId]/episode/[episodeId]/page.tsx","statementMap":{"0":{"start":{"line":5,"column":24},"end":{"line":5,"column":null}},"1":{"start":{"line":2,"column":37},"end":{"line":2,"column":null}},"2":{"start":{"line":3,"column":25},"end":{"line":3,"column":null}}},"fnMap":{"0":{"name":"HomePageApp","decl":{"start":{"line":5,"column":24},"end":{"line":5,"column":null}},"loc":{"start":{"line":5,"column":24},"end":{"line":11,"column":null}}}},"branchMap":{},"s":{"0":1,"1":1,"2":1},"f":{"0":1},"b":{}}
,"/Users/kumaakai/Desktop/Inditex/inditex/components/Atoms/Button/index.tsx": {"path":"/Users/kumaakai/Desktop/Inditex/inditex/components/Atoms/Button/index.tsx","statementMap":{"0":{"start":{"line":12,"column":0},"end":{"line":12,"column":15}},"1":{"start":{"line":4,"column":29},"end":{"line":4,"column":null}},"2":{"start":{"line":12,"column":15},"end":{"line":12,"column":null}}},"fnMap":{},"branchMap":{},"s":{"0":0,"1":0,"2":0},"f":{},"b":{}}
,"/Users/kumaakai/Desktop/Inditex/inditex/components/Atoms/Button/style.ts": {"path":"/Users/kumaakai/Desktop/Inditex/inditex/components/Atoms/Button/style.ts","statementMap":{"0":{"start":{"line":4,"column":13},"end":{"line":4,"column":28}},"1":{"start":{"line":1,"column":19},"end":{"line":1,"column":null}},"2":{"start":{"line":4,"column":28},"end":{"line":8,"column":1}},"3":{"start":{"line":5,"column":27},"end":{"line":5,"column":68}},"4":{"start":{"line":6,"column":23},"end":{"line":6,"column":59}}},"fnMap":{"0":{"name":"(anonymous_2)","decl":{"start":{"line":5,"column":15},"end":{"line":5,"column":16}},"loc":{"start":{"line":5,"column":27},"end":{"line":5,"column":68}}},"1":{"name":"(anonymous_3)","decl":{"start":{"line":6,"column":11},"end":{"line":6,"column":12}},"loc":{"start":{"line":6,"column":23},"end":{"line":6,"column":59}}}},"branchMap":{"0":{"loc":{"start":{"line":5,"column":27},"end":{"line":5,"column":68}},"type":"cond-expr","locations":[{"start":{"line":5,"column":40},"end":{"line":5,"column":60}},{"start":{"line":5,"column":60},"end":{"line":5,"column":68}}]},"1":{"loc":{"start":{"line":6,"column":23},"end":{"line":6,"column":59}},"type":"cond-expr","locations":[{"start":{"line":6,"column":37},"end":{"line":6,"column":48}},{"start":{"line":6,"column":51},"end":{"line":6,"column":59}}]}},"s":{"0":0,"1":0,"2":0,"3":0,"4":0},"f":{"0":0,"1":0},"b":{"0":[0,0],"1":[0,0]}}
,"/Users/kumaakai/Desktop/Inditex/inditex/components/Atoms/H1/index.tsx": {"path":"/Users/kumaakai/Desktop/Inditex/inditex/components/Atoms/H1/index.tsx","statementMap":{"0":{"start":{"line":12,"column":0},"end":{"line":12,"column":15}},"1":{"start":{"line":4,"column":25},"end":{"line":4,"column":null}},"2":{"start":{"line":12,"column":15},"end":{"line":12,"column":null}}},"fnMap":{},"branchMap":{},"s":{"0":11,"1":7,"2":7},"f":{},"b":{}}
,"/Users/kumaakai/Desktop/Inditex/inditex/components/Atoms/H1/style.ts": {"path":"/Users/kumaakai/Desktop/Inditex/inditex/components/Atoms/H1/style.ts","statementMap":{"0":{"start":{"line":5,"column":13},"end":{"line":5,"column":24}},"1":{"start":{"line":1,"column":19},"end":{"line":1,"column":null}},"2":{"start":{"line":5,"column":24},"end":{"line":9,"column":1}},"3":{"start":{"line":6,"column":27},"end":{"line":6,"column":68}},"4":{"start":{"line":7,"column":23},"end":{"line":7,"column":62}}},"fnMap":{"0":{"name":"(anonymous_2)","decl":{"start":{"line":6,"column":15},"end":{"line":6,"column":16}},"loc":{"start":{"line":6,"column":27},"end":{"line":6,"column":68}}},"1":{"name":"(anonymous_3)","decl":{"start":{"line":7,"column":11},"end":{"line":7,"column":12}},"loc":{"start":{"line":7,"column":23},"end":{"line":7,"column":62}}}},"branchMap":{"0":{"loc":{"start":{"line":6,"column":27},"end":{"line":6,"column":68}},"type":"cond-expr","locations":[{"start":{"line":6,"column":40},"end":{"line":6,"column":60}},{"start":{"line":6,"column":60},"end":{"line":6,"column":68}}]},"1":{"loc":{"start":{"line":7,"column":23},"end":{"line":7,"column":62}},"type":"cond-expr","locations":[{"start":{"line":7,"column":37},"end":{"line":7,"column":48}},{"start":{"line":7,"column":51},"end":{"line":7,"column":62}}]}},"s":{"0":11,"1":7,"2":7,"3":11,"4":11},"f":{"0":11,"1":11},"b":{"0":[0,11],"1":[0,11]}}
,"/Users/kumaakai/Desktop/Inditex/inditex/components/Atoms/H2/index.tsx": {"path":"/Users/kumaakai/Desktop/Inditex/inditex/components/Atoms/H2/index.tsx","statementMap":{"0":{"start":{"line":12,"column":0},"end":{"line":12,"column":15}},"1":{"start":{"line":4,"column":25},"end":{"line":4,"column":null}},"2":{"start":{"line":12,"column":15},"end":{"line":12,"column":null}}},"fnMap":{},"branchMap":{},"s":{"0":11,"1":6,"2":6},"f":{},"b":{}}
,"/Users/kumaakai/Desktop/Inditex/inditex/components/Atoms/H2/style.ts": {"path":"/Users/kumaakai/Desktop/Inditex/inditex/components/Atoms/H2/style.ts","statementMap":{"0":{"start":{"line":4,"column":13},"end":{"line":4,"column":24}},"1":{"start":{"line":1,"column":19},"end":{"line":1,"column":null}},"2":{"start":{"line":4,"column":24},"end":{"line":8,"column":1}},"3":{"start":{"line":5,"column":27},"end":{"line":5,"column":68}},"4":{"start":{"line":6,"column":23},"end":{"line":6,"column":59}}},"fnMap":{"0":{"name":"(anonymous_2)","decl":{"start":{"line":5,"column":15},"end":{"line":5,"column":16}},"loc":{"start":{"line":5,"column":27},"end":{"line":5,"column":68}}},"1":{"name":"(anonymous_3)","decl":{"start":{"line":6,"column":11},"end":{"line":6,"column":12}},"loc":{"start":{"line":6,"column":23},"end":{"line":6,"column":59}}}},"branchMap":{"0":{"loc":{"start":{"line":5,"column":27},"end":{"line":5,"column":68}},"type":"cond-expr","locations":[{"start":{"line":5,"column":40},"end":{"line":5,"column":60}},{"start":{"line":5,"column":60},"end":{"line":5,"column":68}}]},"1":{"loc":{"start":{"line":6,"column":23},"end":{"line":6,"column":59}},"type":"cond-expr","locations":[{"start":{"line":6,"column":37},"end":{"line":6,"column":48}},{"start":{"line":6,"column":51},"end":{"line":6,"column":59}}]}},"s":{"0":14,"1":6,"2":6,"3":14,"4":14},"f":{"0":14,"1":14},"b":{"0":[0,14],"1":[0,14]}}
,"/Users/kumaakai/Desktop/Inditex/inditex/components/Atoms/H3/index.tsx": {"path":"/Users/kumaakai/Desktop/Inditex/inditex/components/Atoms/H3/index.tsx","statementMap":{"0":{"start":{"line":11,"column":0},"end":{"line":11,"column":15}},"1":{"start":{"line":3,"column":25},"end":{"line":3,"column":null}},"2":{"start":{"line":11,"column":15},"end":{"line":11,"column":null}}},"fnMap":{},"branchMap":{},"s":{"0":7,"1":3,"2":3},"f":{},"b":{}}
,"/Users/kumaakai/Desktop/Inditex/inditex/components/Atoms/H3/style.ts": {"path":"/Users/kumaakai/Desktop/Inditex/inditex/components/Atoms/H3/style.ts","statementMap":{"0":{"start":{"line":4,"column":13},"end":{"line":4,"column":24}},"1":{"start":{"line":1,"column":19},"end":{"line":1,"column":null}},"2":{"start":{"line":4,"column":24},"end":{"line":8,"column":1}},"3":{"start":{"line":5,"column":27},"end":{"line":5,"column":68}},"4":{"start":{"line":6,"column":23},"end":{"line":6,"column":59}}},"fnMap":{"0":{"name":"(anonymous_2)","decl":{"start":{"line":5,"column":15},"end":{"line":5,"column":16}},"loc":{"start":{"line":5,"column":27},"end":{"line":5,"column":68}}},"1":{"name":"(anonymous_3)","decl":{"start":{"line":6,"column":11},"end":{"line":6,"column":12}},"loc":{"start":{"line":6,"column":23},"end":{"line":6,"column":59}}}},"branchMap":{"0":{"loc":{"start":{"line":5,"column":27},"end":{"line":5,"column":68}},"type":"cond-expr","locations":[{"start":{"line":5,"column":40},"end":{"line":5,"column":60}},{"start":{"line":5,"column":60},"end":{"line":5,"column":68}}]},"1":{"loc":{"start":{"line":6,"column":23},"end":{"line":6,"column":59}},"type":"cond-expr","locations":[{"start":{"line":6,"column":37},"end":{"line":6,"column":48}},{"start":{"line":6,"column":51},"end":{"line":6,"column":59}}]}},"s":{"0":7,"1":3,"2":3,"3":7,"4":7},"f":{"0":7,"1":7},"b":{"0":[0,7],"1":[0,7]}}
,"/Users/kumaakai/Desktop/Inditex/inditex/components/Atoms/Paragraph/index.tsx": {"path":"/Users/kumaakai/Desktop/Inditex/inditex/components/Atoms/Paragraph/index.tsx","statementMap":{"0":{"start":{"line":5,"column":13},"end":{"line":5,"column":44}},"1":{"start":{"line":2,"column":32},"end":{"line":2,"column":null}}},"fnMap":{},"branchMap":{},"s":{"0":7,"1":3},"f":{},"b":{}}
,"/Users/kumaakai/Desktop/Inditex/inditex/components/Atoms/Paragraph/style.ts": {"path":"/Users/kumaakai/Desktop/Inditex/inditex/components/Atoms/Paragraph/style.ts","statementMap":{"0":{"start":{"line":4,"column":13},"end":{"line":4,"column":31}},"1":{"start":{"line":1,"column":19},"end":{"line":1,"column":null}},"2":{"start":{"line":4,"column":31},"end":{"line":7,"column":1}},"3":{"start":{"line":5,"column":23},"end":{"line":5,"column":59}},"4":{"start":{"line":6,"column":27},"end":{"line":6,"column":69}}},"fnMap":{"0":{"name":"(anonymous_2)","decl":{"start":{"line":5,"column":11},"end":{"line":5,"column":12}},"loc":{"start":{"line":5,"column":23},"end":{"line":5,"column":59}}},"1":{"name":"(anonymous_3)","decl":{"start":{"line":6,"column":15},"end":{"line":6,"column":16}},"loc":{"start":{"line":6,"column":27},"end":{"line":6,"column":69}}}},"branchMap":{"0":{"loc":{"start":{"line":5,"column":23},"end":{"line":5,"column":59}},"type":"cond-expr","locations":[{"start":{"line":5,"column":37},"end":{"line":5,"column":48}},{"start":{"line":5,"column":51},"end":{"line":5,"column":59}}]},"1":{"loc":{"start":{"line":6,"column":27},"end":{"line":6,"column":69}},"type":"cond-expr","locations":[{"start":{"line":6,"column":44},"end":{"line":6,"column":58}},{"start":{"line":6,"column":61},"end":{"line":6,"column":69}}]}},"s":{"0":7,"1":3,"2":3,"3":7,"4":7},"f":{"0":7,"1":7},"b":{"0":[0,7],"1":[0,7]}}
,"/Users/kumaakai/Desktop/Inditex/inditex/components/AudioPodcast/index.tsx": {"path":"/Users/kumaakai/Desktop/Inditex/inditex/components/AudioPodcast/index.tsx","statementMap":{"0":{"start":{"line":10,"column":0},"end":{"line":10,"column":15}},"1":{"start":{"line":2,"column":45},"end":{"line":2,"column":null}},"2":{"start":{"line":10,"column":15},"end":{"line":10,"column":null}}},"fnMap":{},"branchMap":{"0":{"loc":{"start":{"line":6,"column":5},"end":{"line":6,"column":14}},"type":"binary-expr","locations":[{"start":{"line":6,"column":5},"end":{"line":6,"column":14}}]}},"s":{"0":0,"1":1,"2":1},"f":{},"b":{"0":[0]}}
,"/Users/kumaakai/Desktop/Inditex/inditex/components/AudioPodcast/style.ts": {"path":"/Users/kumaakai/Desktop/Inditex/inditex/components/AudioPodcast/style.ts","statementMap":{"0":{"start":{"line":3,"column":13},"end":{"line":3,"column":27}},"1":{"start":{"line":8,"column":13},"end":{"line":8,"column":25}},"2":{"start":{"line":1,"column":19},"end":{"line":1,"column":null}},"3":{"start":{"line":3,"column":30},"end":{"line":6,"column":1}},"4":{"start":{"line":8,"column":28},"end":{"line":10,"column":1}}},"fnMap":{},"branchMap":{},"s":{"0":0,"1":0,"2":1,"3":1,"4":1},"f":{},"b":{}}
,"/Users/kumaakai/Desktop/Inditex/inditex/components/Cards/Card/index.tsx": {"path":"/Users/kumaakai/Desktop/Inditex/inditex/components/Cards/Card/index.tsx","statementMap":{"0":{"start":{"line":45,"column":0},"end":{"line":45,"column":15}},"1":{"start":{"line":2,"column":17},"end":{"line":2,"column":null}},"2":{"start":{"line":3,"column":23},"end":{"line":3,"column":null}},"3":{"start":{"line":5,"column":19},"end":{"line":5,"column":null}},"4":{"start":{"line":6,"column":32},"end":{"line":6,"column":null}},"5":{"start":{"line":14,"column":7},"end":{"line":14,"column":null}},"6":{"start":{"line":18,"column":27},"end":{"line":43,"column":null}},"7":{"start":{"line":45,"column":15},"end":{"line":45,"column":null}}},"fnMap":{"0":{"name":"(anonymous_2)","decl":{"start":{"line":18,"column":27},"end":{"line":18,"column":28}},"loc":{"start":{"line":18,"column":36},"end":{"line":43,"column":null}}}},"branchMap":{},"s":{"0":5,"1":2,"2":2,"3":2,"4":2,"5":2,"6":2,"7":2},"f":{"0":5},"b":{}}
,"/Users/kumaakai/Desktop/Inditex/inditex/components/Cards/Card/style.ts": {"path":"/Users/kumaakai/Desktop/Inditex/inditex/components/Cards/Card/style.ts","statementMap":{"0":{"start":{"line":5,"column":13},"end":{"line":5,"column":24}},"1":{"start":{"line":30,"column":13},"end":{"line":30,"column":29}},"2":{"start":{"line":39,"column":13},"end":{"line":39,"column":22}},"3":{"start":{"line":45,"column":13},"end":{"line":45,"column":25}},"4":{"start":{"line":55,"column":13},"end":{"line":55,"column":22}},"5":{"start":{"line":1,"column":18},"end":{"line":1,"column":null}},"6":{"start":{"line":2,"column":15},"end":{"line":2,"column":null}},"7":{"start":{"line":3,"column":19},"end":{"line":3,"column":null}},"8":{"start":{"line":5,"column":27},"end":{"line":28,"column":1}},"9":{"start":{"line":30,"column":32},"end":{"line":37,"column":1}},"10":{"start":{"line":39,"column":25},"end":{"line":43,"column":1}},"11":{"start":{"line":45,"column":28},"end":{"line":53,"column":1}},"12":{"start":{"line":55,"column":25},"end":{"line":61,"column":1}}},"fnMap":{},"branchMap":{},"s":{"0":5,"1":5,"2":5,"3":5,"4":5,"5":2,"6":2,"7":2,"8":2,"9":2,"10":2,"11":2,"12":2},"f":{},"b":{}}
,"/Users/kumaakai/Desktop/Inditex/inditex/components/Cards/CardXl/contracts.ts": {"path":"/Users/kumaakai/Desktop/Inditex/inditex/components/Cards/CardXl/contracts.ts","statementMap":{"0":{"start":{"line":3,"column":13},"end":{"line":3,"column":28}},"1":{"start":{"line":3,"column":28},"end":{"line":10,"column":null}}},"fnMap":{},"branchMap":{},"s":{"0":0,"1":3},"f":{},"b":{}}
,"/Users/kumaakai/Desktop/Inditex/inditex/components/Cards/CardXl/index.tsx": {"path":"/Users/kumaakai/Desktop/Inditex/inditex/components/Cards/CardXl/index.tsx","statementMap":{"0":{"start":{"line":79,"column":0},"end":{"line":79,"column":15}},"1":{"start":{"line":2,"column":17},"end":{"line":2,"column":null}},"2":{"start":{"line":3,"column":18},"end":{"line":3,"column":null}},"3":{"start":{"line":4,"column":23},"end":{"line":4,"column":null}},"4":{"start":{"line":5,"column":36},"end":{"line":5,"column":null}},"5":{"start":{"line":7,"column":15},"end":{"line":7,"column":null}},"6":{"start":{"line":8,"column":20},"end":{"line":8,"column":null}},"7":{"start":{"line":9,"column":19},"end":{"line":9,"column":null}},"8":{"start":{"line":10,"column":31},"end":{"line":10,"column":null}},"9":{"start":{"line":12,"column":15},"end":{"line":12,"column":null}},"10":{"start":{"line":13,"column":26},"end":{"line":13,"column":null}},"11":{"start":{"line":14,"column":41},"end":{"line":14,"column":null}},"12":{"start":{"line":16,"column":35},"end":{"line":16,"column":null}},"13":{"start":{"line":18,"column":31},"end":{"line":77,"column":null}},"14":{"start":{"line":19,"column":22},"end":{"line":19,"column":null}},"15":{"start":{"line":20,"column":35},"end":{"line":20,"column":null}},"16":{"start":{"line":21,"column":24},"end":{"line":21,"column":null}},"17":{"start":{"line":22,"column":25},"end":{"line":23,"column":null}},"18":{"start":{"line":23,"column":17},"end":{"line":23,"column":null}},"19":{"start":{"line":26,"column":2},"end":{"line":28,"column":null}},"20":{"start":{"line":27,"column":4},"end":{"line":27,"column":null}},"21":{"start":{"line":30,"column":15},"end":{"line":39,"column":18}},"22":{"start":{"line":79,"column":15},"end":{"line":79,"column":null}}},"fnMap":{"0":{"name":"(anonymous_2)","decl":{"start":{"line":18,"column":31},"end":{"line":18,"column":null}},"loc":{"start":{"line":18,"column":31},"end":{"line":77,"column":null}}},"1":{"name":"(anonymous_3)","decl":{"start":{"line":23,"column":4},"end":{"line":23,"column":5}},"loc":{"start":{"line":23,"column":17},"end":{"line":23,"column":null}}}},"branchMap":{"0":{"loc":{"start":{"line":26,"column":2},"end":{"line":28,"column":null}},"type":"if","locations":[{"start":{"line":26,"column":2},"end":{"line":28,"column":null}}]},"1":{"loc":{"start":{"line":26,"column":6},"end":{"line":26,"column":31}},"type":"binary-expr","locations":[{"start":{"line":26,"column":6},"end":{"line":26,"column":14}},{"start":{"line":26,"column":14},"end":{"line":26,"column":31}}]},"2":{"loc":{"start":{"line":30,"column":15},"end":{"line":39,"column":18}},"type":"cond-expr","locations":[{"start":{"line":31,"column":6},"end":{"line":38,"column":null}},{"start":{"line":39,"column":6},"end":{"line":39,"column":18}}]},"3":{"loc":{"start":{"line":42,"column":8},"end":{"line":42,"column":26}},"type":"binary-expr","locations":[{"start":{"line":42,"column":8},"end":{"line":42,"column":19}},{"start":{"line":42,"column":19},"end":{"line":42,"column":26}}]},"4":{"loc":{"start":{"line":47,"column":7},"end":{"line":74,"column":null}},"type":"cond-expr","locations":[{"start":{"line":48,"column":8},"end":{"line":74,"column":null}},{"start":{"line":74,"column":10},"end":{"line":74,"column":null}}]},"5":{"loc":{"start":{"line":47,"column":7},"end":{"line":47,"column":null}},"type":"binary-expr","locations":[{"start":{"line":47,"column":7},"end":{"line":47,"column":15}},{"start":{"line":47,"column":15},"end":{"line":47,"column":null}}]}},"s":{"0":7,"1":3,"2":3,"3":3,"4":3,"5":3,"6":3,"7":3,"8":3,"9":3,"10":3,"11":3,"12":3,"13":3,"14":7,"15":7,"16":7,"17":7,"18":7,"19":7,"20":0,"21":7,"22":3},"f":{"0":7,"1":7},"b":{"0":[0],"1":[7,7],"2":[7,0],"3":[7,7],"4":[7,0],"5":[7,7]}}
,"/Users/kumaakai/Desktop/Inditex/inditex/components/Cards/CardXl/style.ts": {"path":"/Users/kumaakai/Desktop/Inditex/inditex/components/Cards/CardXl/style.ts","statementMap":{"0":{"start":{"line":3,"column":13},"end":{"line":3,"column":34}},"1":{"start":{"line":1,"column":19},"end":{"line":1,"column":null}},"2":{"start":{"line":3,"column":34},"end":{"line":60,"column":1}}},"fnMap":{},"branchMap":{},"s":{"0":7,"1":3,"2":3},"f":{},"b":{}}
,"/Users/kumaakai/Desktop/Inditex/inditex/components/Loading/LoadingAnimation.tsx": {"path":"/Users/kumaakai/Desktop/Inditex/inditex/components/Loading/LoadingAnimation.tsx","statementMap":{"0":{"start":{"line":64,"column":0},"end":{"line":64,"column":15}},"1":{"start":{"line":1,"column":18},"end":{"line":1,"column":null}},"2":{"start":{"line":2,"column":34},"end":{"line":2,"column":null}},"3":{"start":{"line":4,"column":22},"end":{"line":8,"column":1}},"4":{"start":{"line":10,"column":25},"end":{"line":15,"column":1}},"5":{"start":{"line":17,"column":22},"end":{"line":54,"column":1}},"6":{"start":{"line":56,"column":25},"end":{"line":62,"column":null}},"7":{"start":{"line":64,"column":15},"end":{"line":64,"column":null}}},"fnMap":{"0":{"name":"(anonymous_5)","decl":{"start":{"line":56,"column":25},"end":{"line":56,"column":null}},"loc":{"start":{"line":56,"column":25},"end":{"line":62,"column":null}}}},"branchMap":{},"s":{"0":2,"1":6,"2":6,"3":6,"4":6,"5":6,"6":6,"7":6},"f":{"0":2},"b":{}}
,"/Users/kumaakai/Desktop/Inditex/inditex/components/Loading/index.tsx": {"path":"/Users/kumaakai/Desktop/Inditex/inditex/components/Loading/index.tsx","statementMap":{"0":{"start":{"line":19,"column":0},"end":{"line":19,"column":15}},"1":{"start":{"line":2,"column":29},"end":{"line":2,"column":null}},"2":{"start":{"line":6,"column":33},"end":{"line":17,"column":null}},"3":{"start":{"line":16,"column":2},"end":{"line":16,"column":null}},"4":{"start":{"line":19,"column":15},"end":{"line":19,"column":null}}},"fnMap":{"0":{"name":"(anonymous_2)","decl":{"start":{"line":6,"column":33},"end":{"line":6,"column":34}},"loc":{"start":{"line":6,"column":52},"end":{"line":17,"column":null}}}},"branchMap":{},"s":{"0":5,"1":6,"2":6,"3":1,"4":6},"f":{"0":5},"b":{}}
,"/Users/kumaakai/Desktop/Inditex/inditex/components/Nav/index.tsx": {"path":"/Users/kumaakai/Desktop/Inditex/inditex/components/Nav/index.tsx","statementMap":{"0":{"start":{"line":28,"column":0},"end":{"line":28,"column":15}},"1":{"start":{"line":1,"column":17},"end":{"line":1,"column":null}},"2":{"start":{"line":2,"column":28},"end":{"line":2,"column":null}},"3":{"start":{"line":4,"column":15},"end":{"line":4,"column":null}},"4":{"start":{"line":5,"column":19},"end":{"line":5,"column":null}},"5":{"start":{"line":7,"column":26},"end":{"line":7,"column":null}},"6":{"start":{"line":9,"column":13},"end":{"line":26,"column":null}},"7":{"start":{"line":10,"column":20},"end":{"line":10,"column":null}},"8":{"start":{"line":12,"column":17},"end":{"line":13,"column":50}},"9":{"start":{"line":13,"column":4},"end":{"line":13,"column":50}},"10":{"start":{"line":28,"column":15},"end":{"line":28,"column":null}}},"fnMap":{"0":{"name":"(anonymous_2)","decl":{"start":{"line":9,"column":13},"end":{"line":9,"column":null}},"loc":{"start":{"line":9,"column":13},"end":{"line":26,"column":null}}},"1":{"name":"(anonymous_3)","decl":{"start":{"line":12,"column":17},"end":{"line":12,"column":18}},"loc":{"start":{"line":13,"column":4},"end":{"line":13,"column":50}}}},"branchMap":{"0":{"loc":{"start":{"line":13,"column":4},"end":{"line":13,"column":50}},"type":"binary-expr","locations":[{"start":{"line":13,"column":4},"end":{"line":13,"column":20}},{"start":{"line":13,"column":20},"end":{"line":13,"column":50}}]},"1":{"loc":{"start":{"line":18,"column":8},"end":{"line":20,"column":9}},"type":"cond-expr","locations":[{"start":{"line":18,"column":8},"end":{"line":20,"column":9}}]}},"s":{"0":9,"1":6,"2":6,"3":6,"4":6,"5":6,"6":6,"7":9,"8":9,"9":9,"10":6},"f":{"0":9,"1":9},"b":{"0":[9,8],"1":[2]}}
,"/Users/kumaakai/Desktop/Inditex/inditex/components/Nav/style.ts": {"path":"/Users/kumaakai/Desktop/Inditex/inditex/components/Nav/style.ts","statementMap":{"0":{"start":{"line":4,"column":13},"end":{"line":4,"column":25}},"1":{"start":{"line":2,"column":19},"end":{"line":2,"column":null}},"2":{"start":{"line":4,"column":25},"end":{"line":23,"column":1}}},"fnMap":{},"branchMap":{},"s":{"0":9,"1":6,"2":6},"f":{},"b":{}}
,"/Users/kumaakai/Desktop/Inditex/inditex/components/Podcaster/index.tsx": {"path":"/Users/kumaakai/Desktop/Inditex/inditex/components/Podcaster/index.tsx","statementMap":{"0":{"start":{"line":47,"column":0},"end":{"line":47,"column":15}},"1":{"start":{"line":2,"column":28},"end":{"line":2,"column":null}},"2":{"start":{"line":4,"column":19},"end":{"line":4,"column":null}},"3":{"start":{"line":5,"column":20},"end":{"line":5,"column":null}},"4":{"start":{"line":6,"column":17},"end":{"line":6,"column":null}},"5":{"start":{"line":8,"column":31},"end":{"line":8,"column":null}},"6":{"start":{"line":9,"column":31},"end":{"line":9,"column":null}},"7":{"start":{"line":11,"column":30},"end":{"line":11,"column":null}},"8":{"start":{"line":13,"column":17},"end":{"line":45,"column":null}},"9":{"start":{"line":14,"column":35},"end":{"line":14,"column":null}},"10":{"start":{"line":15,"column":13},"end":{"line":15,"column":null}},"11":{"start":{"line":16,"column":22},"end":{"line":16,"column":null}},"12":{"start":{"line":16,"column":56},"end":{"line":16,"column":74}},"13":{"start":{"line":18,"column":2},"end":{"line":21,"column":null}},"14":{"start":{"line":19,"column":26},"end":{"line":19,"column":null}},"15":{"start":{"line":20,"column":4},"end":{"line":20,"column":null}},"16":{"start":{"line":32,"column":29},"end":{"line":38,"column":null}},"17":{"start":{"line":39,"column":14},"end":{"line":39,"column":null}},"18":{"start":{"line":47,"column":15},"end":{"line":47,"column":null}}},"fnMap":{"0":{"name":"(anonymous_2)","decl":{"start":{"line":13,"column":17},"end":{"line":13,"column":null}},"loc":{"start":{"line":13,"column":17},"end":{"line":45,"column":null}}},"1":{"name":"(anonymous_3)","decl":{"start":{"line":16,"column":34},"end":{"line":16,"column":35}},"loc":{"start":{"line":16,"column":56},"end":{"line":16,"column":74}}},"2":{"name":"(anonymous_4)","decl":{"start":{"line":31,"column":21},"end":{"line":31,"column":22}},"loc":{"start":{"line":31,"column":22},"end":{"line":40,"column":null}}}},"branchMap":{"0":{"loc":{"start":{"line":18,"column":2},"end":{"line":21,"column":null}},"type":"if","locations":[{"start":{"line":18,"column":2},"end":{"line":21,"column":null}}]},"1":{"loc":{"start":{"line":24,"column":8},"end":{"line":24,"column":26}},"type":"binary-expr","locations":[{"start":{"line":24,"column":8},"end":{"line":24,"column":19}},{"start":{"line":24,"column":19},"end":{"line":24,"column":26}}]},"2":{"loc":{"start":{"line":30,"column":9},"end":{"line":41,"column":null}},"type":"cond-expr","locations":[{"start":{"line":31,"column":12},"end":{"line":40,"column":null}},{"start":{"line":41,"column":12},"end":{"line":41,"column":null}}]}},"s":{"0":5,"1":1,"2":1,"3":1,"4":1,"5":1,"6":1,"7":1,"8":1,"9":5,"10":5,"11":5,"12":0,"13":5,"14":0,"15":0,"16":3,"17":3,"18":1},"f":{"0":5,"1":0,"2":3},"b":{"0":[0],"1":[5,4],"2":[3,0]}}
,"/Users/kumaakai/Desktop/Inditex/inditex/components/Podcaster/style.ts": {"path":"/Users/kumaakai/Desktop/Inditex/inditex/components/Podcaster/style.ts","statementMap":{"0":{"start":{"line":3,"column":13},"end":{"line":3,"column":29}},"1":{"start":{"line":1,"column":19},"end":{"line":1,"column":null}},"2":{"start":{"line":3,"column":29},"end":{"line":10,"column":1}}},"fnMap":{},"branchMap":{},"s":{"0":3,"1":1,"2":1},"f":{},"b":{}}
,"/Users/kumaakai/Desktop/Inditex/inditex/components/Podcaster/PodcastDetail/index.tsx": {"path":"/Users/kumaakai/Desktop/Inditex/inditex/components/Podcaster/PodcastDetail/index.tsx","statementMap":{"0":{"start":{"line":7,"column":24},"end":{"line":7,"column":null}},"1":{"start":{"line":2,"column":19},"end":{"line":2,"column":null}},"2":{"start":{"line":3,"column":28},"end":{"line":3,"column":null}},"3":{"start":{"line":5,"column":37},"end":{"line":5,"column":null}}},"fnMap":{"0":{"name":"PodcastDetail","decl":{"start":{"line":7,"column":24},"end":{"line":7,"column":null}},"loc":{"start":{"line":7,"column":24},"end":{"line":18,"column":null}}}},"branchMap":{},"s":{"0":2,"1":1,"2":1,"3":1},"f":{"0":2},"b":{}}
,"/Users/kumaakai/Desktop/Inditex/inditex/components/Podcaster/PodcastDetail/style.ts": {"path":"/Users/kumaakai/Desktop/Inditex/inditex/components/Podcaster/PodcastDetail/style.ts","statementMap":{"0":{"start":{"line":3,"column":13},"end":{"line":3,"column":33}},"1":{"start":{"line":18,"column":13},"end":{"line":18,"column":27}},"2":{"start":{"line":22,"column":13},"end":{"line":22,"column":35}},"3":{"start":{"line":75,"column":13},"end":{"line":75,"column":40}},"4":{"start":{"line":1,"column":19},"end":{"line":1,"column":null}},"5":{"start":{"line":3,"column":36},"end":{"line":16,"column":1}},"6":{"start":{"line":18,"column":30},"end":{"line":21,"column":1}},"7":{"start":{"line":22,"column":38},"end":{"line":73,"column":1}},"8":{"start":{"line":75,"column":43},"end":{"line":103,"column":1}}},"fnMap":{},"branchMap":{},"s":{"0":2,"1":0,"2":0,"3":2,"4":2,"5":2,"6":2,"7":2,"8":2},"f":{},"b":{}}
,"/Users/kumaakai/Desktop/Inditex/inditex/components/Podcaster/PodcastDetail/PodcastEpisodeDetail/index.tsx": {"path":"/Users/kumaakai/Desktop/Inditex/inditex/components/Podcaster/PodcastDetail/PodcastEpisodeDetail/index.tsx","statementMap":{"0":{"start":{"line":55,"column":0},"end":{"line":55,"column":15}},"1":{"start":{"line":2,"column":17},"end":{"line":2,"column":null}},"2":{"start":{"line":3,"column":36},"end":{"line":3,"column":null}},"3":{"start":{"line":5,"column":25},"end":{"line":5,"column":null}},"4":{"start":{"line":6,"column":20},"end":{"line":6,"column":null}},"5":{"start":{"line":7,"column":19},"end":{"line":7,"column":null}},"6":{"start":{"line":8,"column":27},"end":{"line":8,"column":null}},"7":{"start":{"line":9,"column":38},"end":{"line":9,"column":null}},"8":{"start":{"line":11,"column":44},"end":{"line":11,"column":null}},"9":{"start":{"line":13,"column":29},"end":{"line":53,"column":null}},"10":{"start":{"line":14,"column":22},"end":{"line":14,"column":null}},"11":{"start":{"line":15,"column":35},"end":{"line":15,"column":null}},"12":{"start":{"line":16,"column":18},"end":{"line":16,"column":null}},"13":{"start":{"line":17,"column":35},"end":{"line":18,"column":null}},"14":{"start":{"line":21,"column":26},"end":{"line":21,"column":null}},"15":{"start":{"line":24,"column":4},"end":{"line":25,"column":null}},"16":{"start":{"line":25,"column":38},"end":{"line":25,"column":null}},"17":{"start":{"line":27,"column":2},"end":{"line":29,"column":null}},"18":{"start":{"line":28,"column":4},"end":{"line":28,"column":null}},"19":{"start":{"line":55,"column":15},"end":{"line":55,"column":null}}},"fnMap":{"0":{"name":"(anonymous_2)","decl":{"start":{"line":13,"column":29},"end":{"line":13,"column":null}},"loc":{"start":{"line":13,"column":29},"end":{"line":53,"column":null}}},"1":{"name":"(anonymous_3)","decl":{"start":{"line":25,"column":25},"end":{"line":25,"column":26}},"loc":{"start":{"line":25,"column":38},"end":{"line":25,"column":null}}}},"branchMap":{"0":{"loc":{"start":{"line":16,"column":18},"end":{"line":16,"column":null}},"type":"cond-expr","locations":[{"start":{"line":16,"column":30},"end":{"line":16,"column":50}},{"start":{"line":16,"column":53},"end":{"line":16,"column":null}}]},"1":{"loc":{"start":{"line":24,"column":4},"end":{"line":25,"column":null}},"type":"binary-expr","locations":[{"start":{"line":24,"column":4},"end":{"line":24,"column":null}},{"start":{"line":25,"column":4},"end":{"line":25,"column":null}}]},"2":{"loc":{"start":{"line":27,"column":2},"end":{"line":29,"column":null}},"type":"if","locations":[{"start":{"line":27,"column":2},"end":{"line":29,"column":null}}]},"3":{"loc":{"start":{"line":27,"column":6},"end":{"line":27,"column":38}},"type":"binary-expr","locations":[{"start":{"line":27,"column":6},"end":{"line":27,"column":14}},{"start":{"line":27,"column":14},"end":{"line":27,"column":38}}]},"4":{"loc":{"start":{"line":32,"column":8},"end":{"line":32,"column":26}},"type":"binary-expr","locations":[{"start":{"line":32,"column":8},"end":{"line":32,"column":19}},{"start":{"line":32,"column":19},"end":{"line":32,"column":26}}]},"5":{"loc":{"start":{"line":40,"column":7},"end":{"line":50,"column":null}},"type":"cond-expr","locations":[{"start":{"line":41,"column":8},"end":{"line":50,"column":null}},{"start":{"line":50,"column":10},"end":{"line":50,"column":null}}]},"6":{"loc":{"start":{"line":40,"column":7},"end":{"line":40,"column":null}},"type":"binary-expr","locations":[{"start":{"line":40,"column":7},"end":{"line":40,"column":15}},{"start":{"line":40,"column":15},"end":{"line":40,"column":null}}]}},"s":{"0":2,"1":1,"2":1,"3":1,"4":1,"5":1,"6":1,"7":1,"8":1,"9":1,"10":2,"11":2,"12":2,"13":2,"14":2,"15":2,"16":2,"17":2,"18":2,"19":1},"f":{"0":2,"1":2},"b":{"0":[0,2],"1":[2,2],"2":[2],"3":[2,2],"4":[2,2],"5":[0,2],"6":[2,2]}}
,"/Users/kumaakai/Desktop/Inditex/inditex/components/Podcaster/PodcastDetail/PodcastEpisodeDetailPage/index.tsx": {"path":"/Users/kumaakai/Desktop/Inditex/inditex/components/Podcaster/PodcastDetail/PodcastEpisodeDetailPage/index.tsx","statementMap":{"0":{"start":{"line":7,"column":24},"end":{"line":7,"column":null}},"1":{"start":{"line":2,"column":19},"end":{"line":2,"column":null}},"2":{"start":{"line":3,"column":33},"end":{"line":3,"column":null}},"3":{"start":{"line":5,"column":37},"end":{"line":5,"column":null}}},"fnMap":{"0":{"name":"PodcastEpisodeDetailPage","decl":{"start":{"line":7,"column":24},"end":{"line":7,"column":null}},"loc":{"start":{"line":7,"column":24},"end":{"line":18,"column":null}}}},"branchMap":{},"s":{"0":2,"1":1,"2":1,"3":1},"f":{"0":2},"b":{}}
,"/Users/kumaakai/Desktop/Inditex/inditex/components/Podcaster/PodcastDetail/PodcastEpisodeDetailPage/style.ts": {"path":"/Users/kumaakai/Desktop/Inditex/inditex/components/Podcaster/PodcastDetail/PodcastEpisodeDetailPage/style.ts","statementMap":{"0":{"start":{"line":3,"column":13},"end":{"line":3,"column":36}},"1":{"start":{"line":1,"column":19},"end":{"line":1,"column":null}},"2":{"start":{"line":3,"column":36},"end":{"line":16,"column":1}}},"fnMap":{},"branchMap":{},"s":{"0":2,"1":1,"2":1},"f":{},"b":{}}
,"/Users/kumaakai/Desktop/Inditex/inditex/components/Podcaster/PodcastDetail/PodcastEpisodes/index.tsx": {"path":"/Users/kumaakai/Desktop/Inditex/inditex/components/Podcaster/PodcastDetail/PodcastEpisodes/index.tsx","statementMap":{"0":{"start":{"line":82,"column":0},"end":{"line":82,"column":15}},"1":{"start":{"line":2,"column":17},"end":{"line":2,"column":null}},"2":{"start":{"line":3,"column":23},"end":{"line":3,"column":null}},"3":{"start":{"line":4,"column":26},"end":{"line":4,"column":null}},"4":{"start":{"line":6,"column":19},"end":{"line":6,"column":null}},"5":{"start":{"line":7,"column":20},"end":{"line":7,"column":null}},"6":{"start":{"line":8,"column":27},"end":{"line":8,"column":null}},"7":{"start":{"line":9,"column":50},"end":{"line":9,"column":null}},"8":{"start":{"line":11,"column":39},"end":{"line":11,"column":null}},"9":{"start":{"line":13,"column":24},"end":{"line":80,"column":null}},"10":{"start":{"line":14,"column":22},"end":{"line":14,"column":null}},"11":{"start":{"line":15,"column":24},"end":{"line":15,"column":null}},"12":{"start":{"line":16,"column":18},"end":{"line":16,"column":null}},"13":{"start":{"line":17,"column":35},"end":{"line":18,"column":null}},"14":{"start":{"line":21,"column":26},"end":{"line":21,"column":null}},"15":{"start":{"line":24,"column":4},"end":{"line":26,"column":null}},"16":{"start":{"line":28,"column":25},"end":{"line":28,"column":null}},"17":{"start":{"line":31,"column":4},"end":{"line":31,"column":69}},"18":{"start":{"line":33,"column":2},"end":{"line":35,"column":null}},"19":{"start":{"line":34,"column":4},"end":{"line":34,"column":null}},"20":{"start":{"line":54,"column":14},"end":{"line":56,"column":null}},"21":{"start":{"line":82,"column":15},"end":{"line":82,"column":null}}},"fnMap":{"0":{"name":"(anonymous_2)","decl":{"start":{"line":13,"column":24},"end":{"line":13,"column":null}},"loc":{"start":{"line":13,"column":24},"end":{"line":80,"column":null}}},"1":{"name":"(anonymous_3)","decl":{"start":{"line":53,"column":24},"end":{"line":53,"column":25}},"loc":{"start":{"line":53,"column":36},"end":{"line":75,"column":null}}}},"branchMap":{"0":{"loc":{"start":{"line":16,"column":18},"end":{"line":16,"column":null}},"type":"cond-expr","locations":[{"start":{"line":16,"column":30},"end":{"line":16,"column":50}},{"start":{"line":16,"column":53},"end":{"line":16,"column":null}}]},"1":{"loc":{"start":{"line":24,"column":4},"end":{"line":26,"column":null}},"type":"cond-expr","locations":[{"start":{"line":25,"column":8},"end":{"line":25,"column":26}},{"start":{"line":26,"column":8},"end":{"line":26,"column":null}}]},"2":{"loc":{"start":{"line":24,"column":4},"end":{"line":24,"column":41}},"type":"binary-expr","locations":[{"start":{"line":24,"column":4},"end":{"line":24,"column":23}},{"start":{"line":24,"column":23},"end":{"line":24,"column":41}}]},"3":{"loc":{"start":{"line":31,"column":4},"end":{"line":31,"column":69}},"type":"cond-expr","locations":[{"start":{"line":31,"column":44},"end":{"line":31,"column":67}},{"start":{"line":31,"column":67},"end":{"line":31,"column":69}}]},"4":{"loc":{"start":{"line":31,"column":4},"end":{"line":31,"column":41}},"type":"binary-expr","locations":[{"start":{"line":31,"column":4},"end":{"line":31,"column":23}},{"start":{"line":31,"column":23},"end":{"line":31,"column":41}}]},"5":{"loc":{"start":{"line":33,"column":2},"end":{"line":35,"column":null}},"type":"if","locations":[{"start":{"line":33,"column":2},"end":{"line":35,"column":null}}]},"6":{"loc":{"start":{"line":33,"column":6},"end":{"line":33,"column":68}},"type":"binary-expr","locations":[{"start":{"line":33,"column":6},"end":{"line":33,"column":40}},{"start":{"line":33,"column":40},"end":{"line":33,"column":68}}]},"7":{"loc":{"start":{"line":38,"column":8},"end":{"line":38,"column":26}},"type":"binary-expr","locations":[{"start":{"line":38,"column":8},"end":{"line":38,"column":19}},{"start":{"line":38,"column":19},"end":{"line":38,"column":26}}]},"8":{"loc":{"start":{"line":52,"column":9},"end":{"line":76,"column":null}},"type":"cond-expr","locations":[{"start":{"line":53,"column":12},"end":{"line":75,"column":null}},{"start":{"line":76,"column":12},"end":{"line":76,"column":null}}]},"9":{"loc":{"start":{"line":52,"column":9},"end":{"line":52,"column":null}},"type":"binary-expr","locations":[{"start":{"line":52,"column":9},"end":{"line":52,"column":17}},{"start":{"line":52,"column":17},"end":{"line":52,"column":null}}]}},"s":{"0":4,"1":2,"2":2,"3":2,"4":2,"5":2,"6":2,"7":2,"8":2,"9":2,"10":4,"11":4,"12":4,"13":4,"14":4,"15":4,"16":4,"17":4,"18":4,"19":4,"20":4,"21":2},"f":{"0":4,"1":4},"b":{"0":[0,4],"1":[4,0],"2":[4,4],"3":[4,0],"4":[4,4],"5":[4],"6":[4,4],"7":[4,4],"8":[4,0],"9":[4,4]}}
,"/Users/kumaakai/Desktop/Inditex/inditex/components/Podcaster/PodcastDetail/PodcastEpisodes/style.ts": {"path":"/Users/kumaakai/Desktop/Inditex/inditex/components/Podcaster/PodcastDetail/PodcastEpisodes/style.ts","statementMap":{"0":{"start":{"line":3,"column":13},"end":{"line":3,"column":36}},"1":{"start":{"line":58,"column":13},"end":{"line":58,"column":35}},"2":{"start":{"line":1,"column":19},"end":{"line":1,"column":null}},"3":{"start":{"line":3,"column":39},"end":{"line":56,"column":1}},"4":{"start":{"line":58,"column":38},"end":{"line":123,"column":1}}},"fnMap":{},"branchMap":{},"s":{"0":0,"1":8,"2":2,"3":2,"4":2},"f":{},"b":{}}
,"/Users/kumaakai/Desktop/Inditex/inditex/components/Search/index.tsx": {"path":"/Users/kumaakai/Desktop/Inditex/inditex/components/Search/index.tsx","statementMap":{"0":{"start":{"line":43,"column":0},"end":{"line":43,"column":15}},"1":{"start":{"line":1,"column":41},"end":{"line":1,"column":null}},"2":{"start":{"line":2,"column":58},"end":{"line":2,"column":null}},"3":{"start":{"line":5,"column":32},"end":{"line":5,"column":null}},"4":{"start":{"line":7,"column":47},"end":{"line":7,"column":null}},"5":{"start":{"line":9,"column":19},"end":{"line":41,"column":null}},"6":{"start":{"line":10,"column":19},"end":{"line":10,"column":null}},"7":{"start":{"line":11,"column":22},"end":{"line":11,"column":null}},"8":{"start":{"line":11,"column":56},"end":{"line":11,"column":74}},"9":{"start":{"line":12,"column":19},"end":{"line":12,"column":null}},"10":{"start":{"line":14,"column":28},"end":{"line":17,"column":null}},"11":{"start":{"line":15,"column":17},"end":{"line":15,"column":35}},"12":{"start":{"line":16,"column":4},"end":{"line":16,"column":null}},"13":{"start":{"line":19,"column":22},"end":{"line":24,"column":null}},"14":{"start":{"line":20,"column":4},"end":{"line":20,"column":null}},"15":{"start":{"line":21,"column":4},"end":{"line":23,"column":null}},"16":{"start":{"line":22,"column":6},"end":{"line":22,"column":null}},"17":{"start":{"line":26,"column":2},"end":{"line":33,"column":null}},"18":{"start":{"line":27,"column":4},"end":{"line":31,"column":null}},"19":{"start":{"line":28,"column":6},"end":{"line":30,"column":null}},"20":{"start":{"line":29,"column":8},"end":{"line":29,"column":null}},"21":{"start":{"line":43,"column":15},"end":{"line":43,"column":null}}},"fnMap":{"0":{"name":"(anonymous_4)","decl":{"start":{"line":9,"column":19},"end":{"line":9,"column":null}},"loc":{"start":{"line":9,"column":19},"end":{"line":41,"column":null}}},"1":{"name":"(anonymous_5)","decl":{"start":{"line":11,"column":34},"end":{"line":11,"column":35}},"loc":{"start":{"line":11,"column":56},"end":{"line":11,"column":74}}},"2":{"name":"(anonymous_6)","decl":{"start":{"line":14,"column":28},"end":{"line":14,"column":29}},"loc":{"start":{"line":14,"column":29},"end":{"line":17,"column":null}}},"3":{"name":"(anonymous_7)","decl":{"start":{"line":19,"column":22},"end":{"line":19,"column":null}},"loc":{"start":{"line":19,"column":22},"end":{"line":24,"column":null}}},"4":{"name":"(anonymous_8)","decl":{"start":{"line":26,"column":12},"end":{"line":26,"column":null}},"loc":{"start":{"line":26,"column":12},"end":{"line":33,"column":5}}},"5":{"name":"(anonymous_9)","decl":{"start":{"line":28,"column":13},"end":{"line":28,"column":null}},"loc":{"start":{"line":28,"column":13},"end":{"line":30,"column":null}}}},"branchMap":{"0":{"loc":{"start":{"line":21,"column":4},"end":{"line":23,"column":null}},"type":"if","locations":[{"start":{"line":21,"column":4},"end":{"line":23,"column":null}}]},"1":{"loc":{"start":{"line":27,"column":4},"end":{"line":31,"column":null}},"type":"if","locations":[{"start":{"line":27,"column":4},"end":{"line":31,"column":null}}]},"2":{"loc":{"start":{"line":37,"column":7},"end":{"line":37,"column":29}},"type":"binary-expr","locations":[{"start":{"line":37,"column":7},"end":{"line":37,"column":29}}]}},"s":{"0":7,"1":2,"2":2,"3":2,"4":2,"5":2,"6":7,"7":7,"8":0,"9":7,"10":7,"11":1,"12":1,"13":7,"14":1,"15":1,"16":1,"17":7,"18":7,"19":4,"20":4,"21":2},"f":{"0":7,"1":0,"2":1,"3":1,"4":7,"5":4},"b":{"0":[1],"1":[4],"2":[7]}}
,"/Users/kumaakai/Desktop/Inditex/inditex/components/Search/style.ts": {"path":"/Users/kumaakai/Desktop/Inditex/inditex/components/Search/style.ts","statementMap":{"0":{"start":{"line":3,"column":13},"end":{"line":3,"column":18}},"1":{"start":{"line":10,"column":13},"end":{"line":10,"column":19}},"2":{"start":{"line":26,"column":13},"end":{"line":26,"column":28}},"3":{"start":{"line":1,"column":19},"end":{"line":1,"column":null}},"4":{"start":{"line":3,"column":21},"end":{"line":8,"column":1}},"5":{"start":{"line":10,"column":22},"end":{"line":24,"column":1}},"6":{"start":{"line":26,"column":31},"end":{"line":32,"column":1}}},"fnMap":{},"branchMap":{},"s":{"0":7,"1":4,"2":7,"3":2,"4":2,"5":2,"6":2},"f":{},"b":{}}
,"/Users/kumaakai/Desktop/Inditex/inditex/components/Templates/index.tsx": {"path":"/Users/kumaakai/Desktop/Inditex/inditex/components/Templates/index.tsx","statementMap":{"0":{"start":{"line":17,"column":0},"end":{"line":17,"column":15}},"1":{"start":{"line":4,"column":16},"end":{"line":4,"column":null}},"2":{"start":{"line":7,"column":34},"end":{"line":7,"column":null}},"3":{"start":{"line":8,"column":19},"end":{"line":8,"column":null}},"4":{"start":{"line":17,"column":15},"end":{"line":17,"column":null}}},"fnMap":{},"branchMap":{},"s":{"0":6,"1":5,"2":5,"3":5,"4":5},"f":{},"b":{}}
,"/Users/kumaakai/Desktop/Inditex/inditex/components/Templates/style.ts": {"path":"/Users/kumaakai/Desktop/Inditex/inditex/components/Templates/style.ts","statementMap":{"0":{"start":{"line":3,"column":13},"end":{"line":3,"column":33}},"1":{"start":{"line":1,"column":19},"end":{"line":1,"column":null}},"2":{"start":{"line":3,"column":33},"end":{"line":8,"column":1}}},"fnMap":{},"branchMap":{},"s":{"0":6,"1":5,"2":5},"f":{},"b":{}}
,"/Users/kumaakai/Desktop/Inditex/inditex/lib/constants/routes.ts": {"path":"/Users/kumaakai/Desktop/Inditex/inditex/lib/constants/routes.ts","statementMap":{"0":{"start":{"line":12,"column":0},"end":{"line":12,"column":15}},"1":{"start":{"line":1,"column":15},"end":{"line":10,"column":null}},"2":{"start":{"line":12,"column":15},"end":{"line":12,"column":null}}},"fnMap":{},"branchMap":{},"s":{"0":39,"1":13,"2":13},"f":{},"b":{}}
,"/Users/kumaakai/Desktop/Inditex/inditex/lib/helpers/functions.ts": {"path":"/Users/kumaakai/Desktop/Inditex/inditex/lib/helpers/functions.ts","statementMap":{"0":{"start":{"line":1,"column":13},"end":{"line":1,"column":23}},"1":{"start":{"line":12,"column":13},"end":{"line":12,"column":25}},"2":{"start":{"line":22,"column":13},"end":{"line":22,"column":28}},"3":{"start":{"line":26,"column":13},"end":{"line":26,"column":20}},"4":{"start":{"line":28,"column":13},"end":{"line":28,"column":25}},"5":{"start":{"line":1,"column":26},"end":{"line":10,"column":null}},"6":{"start":{"line":2,"column":18},"end":{"line":2,"column":null}},"7":{"start":{"line":3,"column":14},"end":{"line":3,"column":null}},"8":{"start":{"line":4,"column":16},"end":{"line":4,"column":null}},"9":{"start":{"line":5,"column":15},"end":{"line":5,"column":null}},"10":{"start":{"line":6,"column":23},"end":{"line":8,"column":31}},"11":{"start":{"line":9,"column":2},"end":{"line":9,"column":null}},"12":{"start":{"line":12,"column":28},"end":{"line":20,"column":null}},"13":{"start":{"line":13,"column":23},"end":{"line":13,"column":null}},"14":{"start":{"line":14,"column":18},"end":{"line":14,"column":null}},"15":{"start":{"line":15,"column":18},"end":{"line":15,"column":null}},"16":{"start":{"line":16,"column":24},"end":{"line":18,"column":23}},"17":{"start":{"line":19,"column":2},"end":{"line":19,"column":null}},"18":{"start":{"line":22,"column":31},"end":{"line":24,"column":null}},"19":{"start":{"line":23,"column":2},"end":{"line":23,"column":null}},"20":{"start":{"line":26,"column":23},"end":{"line":26,"column":null}},"21":{"start":{"line":26,"column":29},"end":{"line":26,"column":null}},"22":{"start":{"line":28,"column":28},"end":{"line":30,"column":null}},"23":{"start":{"line":29,"column":2},"end":{"line":29,"column":null}}},"fnMap":{"0":{"name":"(anonymous_6)","decl":{"start":{"line":1,"column":26},"end":{"line":1,"column":27}},"loc":{"start":{"line":1,"column":27},"end":{"line":10,"column":null}}},"1":{"name":"(anonymous_7)","decl":{"start":{"line":12,"column":28},"end":{"line":12,"column":29}},"loc":{"start":{"line":12,"column":29},"end":{"line":20,"column":null}}},"2":{"name":"(anonymous_8)","decl":{"start":{"line":22,"column":31},"end":{"line":22,"column":null}},"loc":{"start":{"line":22,"column":31},"end":{"line":24,"column":null}}},"3":{"name":"(anonymous_9)","decl":{"start":{"line":26,"column":23},"end":{"line":26,"column":29}},"loc":{"start":{"line":26,"column":29},"end":{"line":26,"column":null}}},"4":{"name":"(anonymous_10)","decl":{"start":{"line":28,"column":28},"end":{"line":28,"column":29}},"loc":{"start":{"line":28,"column":29},"end":{"line":30,"column":null}}}},"branchMap":{},"s":{"0":4,"1":4,"2":5,"3":11,"4":0,"5":7,"6":4,"7":4,"8":4,"9":4,"10":4,"11":4,"12":7,"13":4,"14":4,"15":4,"16":4,"17":4,"18":7,"19":5,"20":7,"21":11,"22":7,"23":0},"f":{"0":4,"1":4,"2":5,"3":11,"4":0},"b":{}}
,"/Users/kumaakai/Desktop/Inditex/inditex/lib/hooks/useGetData.ts": {"path":"/Users/kumaakai/Desktop/Inditex/inditex/lib/hooks/useGetData.ts","statementMap":{"0":{"start":{"line":3,"column":13},"end":{"line":3,"column":26}},"1":{"start":{"line":1,"column":36},"end":{"line":1,"column":null}},"2":{"start":{"line":3,"column":26},"end":{"line":38,"column":null}},"3":{"start":{"line":4,"column":26},"end":{"line":4,"column":null}},"4":{"start":{"line":5,"column":32},"end":{"line":5,"column":null}},"5":{"start":{"line":6,"column":28},"end":{"line":6,"column":null}},"6":{"start":{"line":8,"column":24},"end":{"line":8,"column":null}},"7":{"start":{"line":10,"column":2},"end":{"line":31,"column":null}},"8":{"start":{"line":11,"column":4},"end":{"line":11,"column":null}},"9":{"start":{"line":12,"column":4},"end":{"line":29,"column":null}},"10":{"start":{"line":13,"column":8},"end":{"line":28,"column":null}},"11":{"start":{"line":14,"column":12},"end":{"line":27,"column":null}},"12":{"start":{"line":16,"column":16},"end":{"line":19,"column":null}},"13":{"start":{"line":17,"column":18},"end":{"line":17,"column":null}},"14":{"start":{"line":18,"column":18},"end":{"line":18,"column":null}},"15":{"start":{"line":20,"column":16},"end":{"line":20,"column":null}},"16":{"start":{"line":21,"column":16},"end":{"line":21,"column":null}},"17":{"start":{"line":23,"column":30},"end":{"line":23,"column":null}},"18":{"start":{"line":25,"column":16},"end":{"line":25,"column":null}},"19":{"start":{"line":26,"column":16},"end":{"line":26,"column":null}},"20":{"start":{"line":33,"column":2},"end":{"line":37,"column":null}}},"fnMap":{"0":{"name":"(anonymous_1)","decl":{"start":{"line":3,"column":26},"end":{"line":3,"column":27}},"loc":{"start":{"line":3,"column":63},"end":{"line":38,"column":null}}},"1":{"name":"(anonymous_2)","decl":{"start":{"line":10,"column":12},"end":{"line":10,"column":null}},"loc":{"start":{"line":10,"column":12},"end":{"line":31,"column":5}}},"2":{"name":"(anonymous_3)","decl":{"start":{"line":13,"column":19},"end":{"line":13,"column":null}},"loc":{"start":{"line":13,"column":19},"end":{"line":28,"column":11}}},"3":{"name":"(anonymous_4)","decl":{"start":{"line":15,"column":20},"end":{"line":15,"column":21}},"loc":{"start":{"line":15,"column":21},"end":{"line":22,"column":null}}},"4":{"name":"(anonymous_5)","decl":{"start":{"line":23,"column":20},"end":{"line":23,"column":21}},"loc":{"start":{"line":23,"column":30},"end":{"line":23,"column":null}}},"5":{"name":"(anonymous_6)","decl":{"start":{"line":24,"column":21},"end":{"line":24,"column":22}},"loc":{"start":{"line":24,"column":22},"end":{"line":27,"column":null}}}},"branchMap":{"0":{"loc":{"start":{"line":3,"column":40},"end":{"line":3,"column":63}},"type":"default-arg","locations":[{"start":{"line":3,"column":61},"end":{"line":3,"column":63}}]},"1":{"loc":{"start":{"line":8,"column":24},"end":{"line":8,"column":null}},"type":"cond-expr","locations":[{"start":{"line":8,"column":37},"end":{"line":8,"column":44}},{"start":{"line":8,"column":44},"end":{"line":8,"column":null}}]},"2":{"loc":{"start":{"line":12,"column":4},"end":{"line":29,"column":null}},"type":"if","locations":[{"start":{"line":12,"column":4},"end":{"line":29,"column":null}}]},"3":{"loc":{"start":{"line":16,"column":16},"end":{"line":19,"column":null}},"type":"if","locations":[{"start":{"line":16,"column":16},"end":{"line":19,"column":null}}]}},"s":{"0":2,"1":1,"2":1,"3":2,"4":2,"5":2,"6":2,"7":2,"8":1,"9":1,"10":1,"11":0,"12":0,"13":0,"14":0,"15":0,"16":0,"17":0,"18":0,"19":0,"20":2},"f":{"0":2,"1":1,"2":0,"3":0,"4":0,"5":0},"b":{"0":[2],"1":[0,2],"2":[1],"3":[0]}}
,"/Users/kumaakai/Desktop/Inditex/inditex/lib/hooks/useGetPodcasts.ts": {"path":"/Users/kumaakai/Desktop/Inditex/inditex/lib/hooks/useGetPodcasts.ts","statementMap":{"0":{"start":{"line":6,"column":13},"end":{"line":6,"column":30}},"1":{"start":{"line":1,"column":26},"end":{"line":1,"column":null}},"2":{"start":{"line":2,"column":41},"end":{"line":2,"column":null}},"3":{"start":{"line":4,"column":45},"end":{"line":4,"column":null}},"4":{"start":{"line":6,"column":30},"end":{"line":31,"column":null}},"5":{"start":{"line":7,"column":24},"end":{"line":7,"column":null}},"6":{"start":{"line":7,"column":58},"end":{"line":7,"column":72}},"7":{"start":{"line":8,"column":35},"end":{"line":8,"column":null}},"8":{"start":{"line":9,"column":19},"end":{"line":9,"column":null}},"9":{"start":{"line":10,"column":2},"end":{"line":24,"column":null}},"10":{"start":{"line":11,"column":21},"end":{"line":11,"column":null}},"11":{"start":{"line":12,"column":4},"end":{"line":23,"column":null}},"12":{"start":{"line":13,"column":6},"end":{"line":22,"column":null}},"13":{"start":{"line":14,"column":27},"end":{"line":14,"column":null}},"14":{"start":{"line":15,"column":8},"end":{"line":21,"column":null}},"15":{"start":{"line":16,"column":10},"end":{"line":20,"column":null}},"16":{"start":{"line":17,"column":12},"end":{"line":17,"column":null}},"17":{"start":{"line":19,"column":12},"end":{"line":19,"column":null}},"18":{"start":{"line":26,"column":2},"end":{"line":30,"column":null}}},"fnMap":{"0":{"name":"(anonymous_1)","decl":{"start":{"line":6,"column":30},"end":{"line":6,"column":null}},"loc":{"start":{"line":6,"column":30},"end":{"line":31,"column":null}}},"1":{"name":"(anonymous_2)","decl":{"start":{"line":7,"column":36},"end":{"line":7,"column":37}},"loc":{"start":{"line":7,"column":58},"end":{"line":7,"column":72}}},"2":{"name":"(anonymous_3)","decl":{"start":{"line":10,"column":12},"end":{"line":10,"column":null}},"loc":{"start":{"line":10,"column":12},"end":{"line":24,"column":5}}}},"branchMap":{"0":{"loc":{"start":{"line":12,"column":4},"end":{"line":23,"column":null}},"type":"if","locations":[{"start":{"line":12,"column":4},"end":{"line":23,"column":null}}]},"1":{"loc":{"start":{"line":13,"column":6},"end":{"line":22,"column":null}},"type":"if","locations":[{"start":{"line":13,"column":6},"end":{"line":22,"column":null}}]},"2":{"loc":{"start":{"line":13,"column":10},"end":{"line":13,"column":37}},"type":"binary-expr","locations":[{"start":{"line":13,"column":10},"end":{"line":13,"column":18}},{"start":{"line":13,"column":18},"end":{"line":13,"column":37}}]},"3":{"loc":{"start":{"line":15,"column":8},"end":{"line":21,"column":null}},"type":"if","locations":[{"start":{"line":15,"column":8},"end":{"line":21,"column":null}}]},"4":{"loc":{"start":{"line":15,"column":12},"end":{"line":15,"column":32}},"type":"binary-expr","locations":[{"start":{"line":15,"column":12},"end":{"line":15,"column":24}},{"start":{"line":15,"column":24},"end":{"line":15,"column":32}}]},"5":{"loc":{"start":{"line":16,"column":10},"end":{"line":20,"column":null}},"type":"if","locations":[{"start":{"line":16,"column":10},"end":{"line":20,"column":null}},{"start":{"line":18,"column":17},"end":{"line":20,"column":null}}]}},"s":{"0":2,"1":1,"2":1,"3":1,"4":1,"5":2,"6":2,"7":2,"8":2,"9":2,"10":2,"11":2,"12":2,"13":1,"14":1,"15":0,"16":0,"17":0,"18":2},"f":{"0":2,"1":2,"2":2},"b":{"0":[2],"1":[1],"2":[2,2],"3":[0],"4":[1,0],"5":[0,0]}}
,"/Users/kumaakai/Desktop/Inditex/inditex/lib/providers/ReduxProvider.tsx": {"path":"/Users/kumaakai/Desktop/Inditex/inditex/lib/providers/ReduxProvider.tsx","statementMap":{"0":{"start":{"line":5,"column":24},"end":{"line":5,"column":38}},"1":{"start":{"line":2,"column":22},"end":{"line":2,"column":null}},"2":{"start":{"line":3,"column":25},"end":{"line":3,"column":null}}},"fnMap":{"0":{"name":"ReduxProvider","decl":{"start":{"line":5,"column":24},"end":{"line":5,"column":38}},"loc":{"start":{"line":9,"column":1},"end":{"line":15,"column":null}}}},"branchMap":{},"s":{"0":10,"1":5,"2":5},"f":{"0":10},"b":{}}
,"/Users/kumaakai/Desktop/Inditex/inditex/lib/redux/store.ts": {"path":"/Users/kumaakai/Desktop/Inditex/inditex/lib/redux/store.ts","statementMap":{"0":{"start":{"line":10,"column":13},"end":{"line":10,"column":21}},"1":{"start":{"line":1,"column":31},"end":{"line":1,"column":null}},"2":{"start":{"line":2,"column":21},"end":{"line":2,"column":null}},"3":{"start":{"line":3,"column":19},"end":{"line":3,"column":null}},"4":{"start":{"line":4,"column":33},"end":{"line":4,"column":null}},"5":{"start":{"line":5,"column":30},"end":{"line":5,"column":null}},"6":{"start":{"line":6,"column":28},"end":{"line":6,"column":null}},"7":{"start":{"line":8,"column":23},"end":{"line":8,"column":null}},"8":{"start":{"line":10,"column":21},"end":{"line":17,"column":null}},"9":{"start":{"line":19,"column":0},"end":{"line":19,"column":null}}},"fnMap":{},"branchMap":{},"s":{"0":10,"1":5,"2":5,"3":5,"4":5,"5":5,"6":5,"7":5,"8":5,"9":5},"f":{},"b":{}}
,"/Users/kumaakai/Desktop/Inditex/inditex/lib/redux/reducers/podcasts.ts": {"path":"/Users/kumaakai/Desktop/Inditex/inditex/lib/redux/reducers/podcasts.ts","statementMap":{"0":{"start":{"line":49,"column":2},"end":{"line":49,"column":18}},"1":{"start":{"line":50,"column":2},"end":{"line":50,"column":20}},"2":{"start":{"line":51,"column":2},"end":{"line":51,"column":24}},"3":{"start":{"line":52,"column":2},"end":{"line":52,"column":20}},"4":{"start":{"line":55,"column":13},"end":{"line":55,"column":26}},"5":{"start":{"line":68,"column":13},"end":{"line":68,"column":26}},"6":{"start":{"line":79,"column":0},"end":{"line":79,"column":15}},"7":{"start":{"line":1,"column":28},"end":{"line":1,"column":null}},"8":{"start":{"line":2,"column":35},"end":{"line":2,"column":null}},"9":{"start":{"line":12,"column":39},"end":{"line":16,"column":null}},"10":{"start":{"line":18,"column":22},"end":{"line":46,"column":null}},"11":{"start":{"line":23,"column":6},"end":{"line":23,"column":null}},"12":{"start":{"line":24,"column":6},"end":{"line":24,"column":null}},"13":{"start":{"line":27,"column":6},"end":{"line":27,"column":null}},"14":{"start":{"line":28,"column":6},"end":{"line":28,"column":null}},"15":{"start":{"line":29,"column":6},"end":{"line":29,"column":null}},"16":{"start":{"line":32,"column":6},"end":{"line":32,"column":null}},"17":{"start":{"line":33,"column":6},"end":{"line":33,"column":null}},"18":{"start":{"line":34,"column":6},"end":{"line":34,"column":null}},"19":{"start":{"line":37,"column":6},"end":{"line":37,"column":null}},"20":{"start":{"line":38,"column":6},"end":{"line":38,"column":null}},"21":{"start":{"line":39,"column":6},"end":{"line":39,"column":null}},"22":{"start":{"line":42,"column":6},"end":{"line":42,"column":null}},"23":{"start":{"line":43,"column":6},"end":{"line":43,"column":null}},"24":{"start":{"line":53,"column":4},"end":{"line":53,"column":25}},"25":{"start":{"line":55,"column":29},"end":{"line":66,"column":null}},"26":{"start":{"line":56,"column":2},"end":{"line":65,"column":null}},"27":{"start":{"line":57,"column":4},"end":{"line":57,"column":null}},"28":{"start":{"line":58,"column":4},"end":{"line":62,"column":null}},"29":{"start":{"line":59,"column":25},"end":{"line":59,"column":null}},"30":{"start":{"line":60,"column":8},"end":{"line":60,"column":null}},"31":{"start":{"line":61,"column":8},"end":{"line":61,"column":null}},"32":{"start":{"line":64,"column":4},"end":{"line":64,"column":null}},"33":{"start":{"line":68,"column":29},"end":{"line":77,"column":null}},"34":{"start":{"line":69,"column":2},"end":{"line":76,"column":null}},"35":{"start":{"line":70,"column":4},"end":{"line":70,"column":null}},"36":{"start":{"line":71,"column":4},"end":{"line":73,"column":null}},"37":{"start":{"line":72,"column":8},"end":{"line":72,"column":null}},"38":{"start":{"line":75,"column":4},"end":{"line":75,"column":null}},"39":{"start":{"line":79,"column":15},"end":{"line":79,"column":36}}},"fnMap":{"0":{"name":"(anonymous_8)","decl":{"start":{"line":22,"column":4},"end":{"line":22,"column":21}},"loc":{"start":{"line":22,"column":26},"end":{"line":25,"column":null}}},"1":{"name":"(anonymous_9)","decl":{"start":{"line":26,"column":4},"end":{"line":26,"column":23}},"loc":{"start":{"line":26,"column":36},"end":{"line":30,"column":null}}},"2":{"name":"(anonymous_10)","decl":{"start":{"line":31,"column":4},"end":{"line":31,"column":27}},"loc":{"start":{"line":31,"column":40},"end":{"line":35,"column":null}}},"3":{"name":"(anonymous_11)","decl":{"start":{"line":36,"column":4},"end":{"line":36,"column":27}},"loc":{"start":{"line":36,"column":40},"end":{"line":40,"column":null}}},"4":{"name":"(anonymous_12)","decl":{"start":{"line":41,"column":4},"end":{"line":41,"column":23}},"loc":{"start":{"line":41,"column":36},"end":{"line":44,"column":null}}},"5":{"name":"(anonymous_13)","decl":{"start":{"line":55,"column":29},"end":{"line":55,"column":36}},"loc":{"start":{"line":55,"column":36},"end":{"line":66,"column":null}}},"6":{"name":"(anonymous_14)","decl":{"start":{"line":58,"column":15},"end":{"line":58,"column":null}},"loc":{"start":{"line":58,"column":15},"end":{"line":62,"column":7}}},"7":{"name":"(anonymous_15)","decl":{"start":{"line":68,"column":29},"end":{"line":68,"column":36}},"loc":{"start":{"line":68,"column":56},"end":{"line":77,"column":null}}},"8":{"name":"(anonymous_16)","decl":{"start":{"line":71,"column":15},"end":{"line":71,"column":null}},"loc":{"start":{"line":71,"column":15},"end":{"line":73,"column":7}}}},"branchMap":{},"s":{"0":0,"1":0,"2":0,"3":0,"4":0,"5":0,"6":5,"7":5,"8":5,"9":5,"10":5,"11":0,"12":0,"13":0,"14":0,"15":0,"16":0,"17":0,"18":0,"19":0,"20":0,"21":0,"22":0,"23":0,"24":5,"25":5,"26":0,"27":0,"28":0,"29":0,"30":0,"31":0,"32":0,"33":5,"34":0,"35":0,"36":0,"37":0,"38":0,"39":5},"f":{"0":0,"1":0,"2":0,"3":0,"4":0,"5":0,"6":0,"7":0,"8":0},"b":{}}
,"/Users/kumaakai/Desktop/Inditex/inditex/lib/redux/reducers/search.ts": {"path":"/Users/kumaakai/Desktop/Inditex/inditex/lib/redux/reducers/search.ts","statementMap":{"0":{"start":{"line":22,"column":2},"end":{"line":22,"column":16}},"1":{"start":{"line":25,"column":13},"end":{"line":25,"column":28}},"2":{"start":{"line":31,"column":0},"end":{"line":31,"column":15}},"3":{"start":{"line":1,"column":28},"end":{"line":1,"column":null}},"4":{"start":{"line":7,"column":39},"end":{"line":9,"column":null}},"5":{"start":{"line":11,"column":20},"end":{"line":19,"column":null}},"6":{"start":{"line":16,"column":6},"end":{"line":16,"column":null}},"7":{"start":{"line":23,"column":4},"end":{"line":23,"column":23}},"8":{"start":{"line":25,"column":31},"end":{"line":29,"column":null}},"9":{"start":{"line":26,"column":2},"end":{"line":28,"column":null}},"10":{"start":{"line":27,"column":6},"end":{"line":27,"column":null}},"11":{"start":{"line":31,"column":15},"end":{"line":31,"column":34}}},"fnMap":{"0":{"name":"(anonymous_4)","decl":{"start":{"line":15,"column":4},"end":{"line":15,"column":19}},"loc":{"start":{"line":15,"column":32},"end":{"line":17,"column":null}}},"1":{"name":"(anonymous_5)","decl":{"start":{"line":25,"column":31},"end":{"line":25,"column":38}},"loc":{"start":{"line":25,"column":58},"end":{"line":29,"column":null}}},"2":{"name":"(anonymous_6)","decl":{"start":{"line":26,"column":13},"end":{"line":26,"column":null}},"loc":{"start":{"line":26,"column":13},"end":{"line":28,"column":5}}}},"branchMap":{},"s":{"0":0,"1":0,"2":5,"3":6,"4":6,"5":6,"6":0,"7":6,"8":6,"9":0,"10":0,"11":6},"f":{"0":0,"1":0,"2":0},"b":{}}
,"/Users/kumaakai/Desktop/Inditex/inditex/lib/redux/reducers/saga/hello.saga.ts": {"path":"/Users/kumaakai/Desktop/Inditex/inditex/lib/redux/reducers/saga/hello.saga.ts","statementMap":{"0":{"start":{"line":1,"column":17},"end":{"line":1,"column":null}},"1":{"start":{"line":2,"column":4},"end":{"line":2,"column":null}}},"fnMap":{"0":{"name":"helloSaga","decl":{"start":{"line":1,"column":17},"end":{"line":1,"column":null}},"loc":{"start":{"line":1,"column":17},"end":{"line":3,"column":null}}}},"branchMap":{},"s":{"0":0,"1":0},"f":{"0":0},"b":{}}
,"/Users/kumaakai/Desktop/Inditex/inditex/lib/redux/reducers/saga/podcast/postcatss.saga.ts": {"path":"/Users/kumaakai/Desktop/Inditex/inditex/lib/redux/reducers/saga/podcast/postcatss.saga.ts","statementMap":{"0":{"start":{"line":19,"column":0},"end":{"line":19,"column":15}},"1":{"start":{"line":1,"column":38},"end":{"line":1,"column":null}},"2":{"start":{"line":2,"column":55},"end":{"line":2,"column":null}},"3":{"start":{"line":3,"column":19},"end":{"line":3,"column":null}},"4":{"start":{"line":6,"column":4},"end":{"line":12,"column":null}},"5":{"start":{"line":7,"column":25},"end":{"line":7,"column":null}},"6":{"start":{"line":7,"column":42},"end":{"line":7,"column":null}},"7":{"start":{"line":8,"column":32},"end":{"line":8,"column":null}},"8":{"start":{"line":9,"column":8},"end":{"line":9,"column":null}},"9":{"start":{"line":11,"column":8},"end":{"line":11,"column":null}},"10":{"start":{"line":16,"column":4},"end":{"line":16,"column":null}},"11":{"start":{"line":19,"column":15},"end":{"line":19,"column":null}}},"fnMap":{"0":{"name":"workGetData","decl":{"start":{"line":5,"column":10},"end":{"line":5,"column":null}},"loc":{"start":{"line":5,"column":10},"end":{"line":13,"column":null}}},"1":{"name":"(anonymous_3)","decl":{"start":{"line":7,"column":36},"end":{"line":7,"column":42}},"loc":{"start":{"line":7,"column":42},"end":{"line":7,"column":null}}},"2":{"name":"podcastsWatcher","decl":{"start":{"line":15,"column":10},"end":{"line":15,"column":null}},"loc":{"start":{"line":15,"column":10},"end":{"line":17,"column":null}}}},"branchMap":{},"s":{"0":5,"1":5,"2":5,"3":5,"4":0,"5":0,"6":0,"7":0,"8":0,"9":0,"10":5,"11":5},"f":{"0":0,"1":0,"2":5},"b":{}}
,"/Users/kumaakai/Desktop/Inditex/inditex/lib/redux/reducers/saga/podcast/slice.saga.ts": {"path":"/Users/kumaakai/Desktop/Inditex/inditex/lib/redux/reducers/saga/podcast/slice.saga.ts","statementMap":{"0":{"start":{"line":49,"column":2},"end":{"line":49,"column":18}},"1":{"start":{"line":50,"column":2},"end":{"line":50,"column":20}},"2":{"start":{"line":51,"column":2},"end":{"line":51,"column":24}},"3":{"start":{"line":52,"column":2},"end":{"line":52,"column":20}},"4":{"start":{"line":55,"column":13},"end":{"line":55,"column":26}},"5":{"start":{"line":68,"column":13},"end":{"line":68,"column":26}},"6":{"start":{"line":79,"column":0},"end":{"line":79,"column":15}},"7":{"start":{"line":1,"column":28},"end":{"line":1,"column":null}},"8":{"start":{"line":2,"column":35},"end":{"line":2,"column":null}},"9":{"start":{"line":12,"column":39},"end":{"line":16,"column":null}},"10":{"start":{"line":18,"column":26},"end":{"line":46,"column":null}},"11":{"start":{"line":23,"column":6},"end":{"line":23,"column":null}},"12":{"start":{"line":24,"column":6},"end":{"line":24,"column":null}},"13":{"start":{"line":27,"column":6},"end":{"line":27,"column":null}},"14":{"start":{"line":28,"column":6},"end":{"line":28,"column":null}},"15":{"start":{"line":29,"column":6},"end":{"line":29,"column":null}},"16":{"start":{"line":32,"column":6},"end":{"line":32,"column":null}},"17":{"start":{"line":33,"column":6},"end":{"line":33,"column":null}},"18":{"start":{"line":34,"column":6},"end":{"line":34,"column":null}},"19":{"start":{"line":37,"column":6},"end":{"line":37,"column":null}},"20":{"start":{"line":38,"column":6},"end":{"line":38,"column":null}},"21":{"start":{"line":39,"column":6},"end":{"line":39,"column":null}},"22":{"start":{"line":42,"column":6},"end":{"line":42,"column":null}},"23":{"start":{"line":43,"column":6},"end":{"line":43,"column":null}},"24":{"start":{"line":53,"column":4},"end":{"line":53,"column":29}},"25":{"start":{"line":55,"column":29},"end":{"line":66,"column":null}},"26":{"start":{"line":56,"column":2},"end":{"line":65,"column":null}},"27":{"start":{"line":57,"column":4},"end":{"line":57,"column":null}},"28":{"start":{"line":58,"column":4},"end":{"line":62,"column":null}},"29":{"start":{"line":59,"column":25},"end":{"line":59,"column":null}},"30":{"start":{"line":60,"column":8},"end":{"line":60,"column":null}},"31":{"start":{"line":61,"column":8},"end":{"line":61,"column":null}},"32":{"start":{"line":64,"column":4},"end":{"line":64,"column":null}},"33":{"start":{"line":68,"column":29},"end":{"line":77,"column":null}},"34":{"start":{"line":69,"column":2},"end":{"line":76,"column":null}},"35":{"start":{"line":70,"column":4},"end":{"line":70,"column":null}},"36":{"start":{"line":71,"column":4},"end":{"line":73,"column":null}},"37":{"start":{"line":72,"column":8},"end":{"line":72,"column":null}},"38":{"start":{"line":75,"column":4},"end":{"line":75,"column":null}},"39":{"start":{"line":79,"column":15},"end":{"line":79,"column":40}}},"fnMap":{"0":{"name":"(anonymous_8)","decl":{"start":{"line":22,"column":4},"end":{"line":22,"column":21}},"loc":{"start":{"line":22,"column":26},"end":{"line":25,"column":null}}},"1":{"name":"(anonymous_9)","decl":{"start":{"line":26,"column":4},"end":{"line":26,"column":23}},"loc":{"start":{"line":26,"column":36},"end":{"line":30,"column":null}}},"2":{"name":"(anonymous_10)","decl":{"start":{"line":31,"column":4},"end":{"line":31,"column":27}},"loc":{"start":{"line":31,"column":40},"end":{"line":35,"column":null}}},"3":{"name":"(anonymous_11)","decl":{"start":{"line":36,"column":4},"end":{"line":36,"column":27}},"loc":{"start":{"line":36,"column":40},"end":{"line":40,"column":null}}},"4":{"name":"(anonymous_12)","decl":{"start":{"line":41,"column":4},"end":{"line":41,"column":23}},"loc":{"start":{"line":41,"column":36},"end":{"line":44,"column":null}}},"5":{"name":"(anonymous_13)","decl":{"start":{"line":55,"column":29},"end":{"line":55,"column":36}},"loc":{"start":{"line":55,"column":36},"end":{"line":66,"column":null}}},"6":{"name":"(anonymous_14)","decl":{"start":{"line":58,"column":15},"end":{"line":58,"column":null}},"loc":{"start":{"line":58,"column":15},"end":{"line":62,"column":7}}},"7":{"name":"(anonymous_15)","decl":{"start":{"line":68,"column":29},"end":{"line":68,"column":36}},"loc":{"start":{"line":68,"column":56},"end":{"line":77,"column":null}}},"8":{"name":"(anonymous_16)","decl":{"start":{"line":71,"column":15},"end":{"line":71,"column":null}},"loc":{"start":{"line":71,"column":15},"end":{"line":73,"column":7}}}},"branchMap":{},"s":{"0":0,"1":0,"2":0,"3":0,"4":0,"5":0,"6":5,"7":5,"8":5,"9":5,"10":5,"11":0,"12":0,"13":0,"14":0,"15":0,"16":0,"17":0,"18":0,"19":0,"20":0,"21":0,"22":0,"23":0,"24":5,"25":5,"26":0,"27":0,"28":0,"29":0,"30":0,"31":0,"32":0,"33":5,"34":0,"35":0,"36":0,"37":0,"38":0,"39":5},"f":{"0":0,"1":0,"2":0,"3":0,"4":0,"5":0,"6":0,"7":0,"8":0},"b":{}}
,"/Users/kumaakai/Desktop/Inditex/inditex/lib/services/axios.api.ts": {"path":"/Users/kumaakai/Desktop/Inditex/inditex/lib/services/axios.api.ts","statementMap":{"0":{"start":{"line":12,"column":0},"end":{"line":12,"column":15}},"1":{"start":{"line":1,"column":18},"end":{"line":1,"column":null}},"2":{"start":{"line":2,"column":19},"end":{"line":2,"column":null}},"3":{"start":{"line":3,"column":24},"end":{"line":3,"column":null}},"4":{"start":{"line":5,"column":16},"end":{"line":5,"column":null}},"5":{"start":{"line":6,"column":12},"end":{"line":6,"column":null}},"6":{"start":{"line":8,"column":0},"end":{"line":10,"column":null}},"7":{"start":{"line":9,"column":4},"end":{"line":9,"column":null}},"8":{"start":{"line":12,"column":15},"end":{"line":12,"column":null}}},"fnMap":{"0":{"name":"(anonymous_2)","decl":{"start":{"line":8,"column":29},"end":{"line":8,"column":30}},"loc":{"start":{"line":8,"column":30},"end":{"line":10,"column":null}}}},"branchMap":{"0":{"loc":{"start":{"line":5,"column":16},"end":{"line":5,"column":null}},"type":"cond-expr","locations":[{"start":{"line":5,"column":28},"end":{"line":5,"column":48}},{"start":{"line":5,"column":51},"end":{"line":5,"column":null}}]}},"s":{"0":0,"1":5,"2":5,"3":5,"4":5,"5":5,"6":5,"7":0,"8":5},"f":{"0":0},"b":{"0":[0,5]}}
,"/Users/kumaakai/Desktop/Inditex/inditex/lib/services/podcastService.ts": {"path":"/Users/kumaakai/Desktop/Inditex/inditex/lib/services/podcastService.ts","statementMap":{"0":{"start":{"line":3,"column":13},"end":{"line":3,"column":34}},"1":{"start":{"line":1,"column":16},"end":{"line":1,"column":null}},"2":{"start":{"line":3,"column":34},"end":{"line":6,"column":null}},"3":{"start":{"line":4,"column":19},"end":{"line":4,"column":null}},"4":{"start":{"line":5,"column":2},"end":{"line":5,"column":null}}},"fnMap":{"0":{"name":"(anonymous_2)","decl":{"start":{"line":3,"column":34},"end":{"line":3,"column":41}},"loc":{"start":{"line":3,"column":49},"end":{"line":6,"column":null}}}},"branchMap":{"0":{"loc":{"start":{"line":3,"column":41},"end":{"line":3,"column":49}},"type":"default-arg","locations":[{"start":{"line":3,"column":47},"end":{"line":3,"column":49}}]}},"s":{"0":0,"1":5,"2":5,"3":0,"4":0},"f":{"0":0},"b":{"0":[0]}}
,"/Users/kumaakai/Desktop/Inditex/inditex/lib/utils/utils.ts": {"path":"/Users/kumaakai/Desktop/Inditex/inditex/lib/utils/utils.ts","statementMap":{"0":{"start":{"line":1,"column":13},"end":{"line":1,"column":30}},"1":{"start":{"line":1,"column":30},"end":{"line":12,"column":null}},"2":{"start":{"line":2,"column":24},"end":{"line":9,"column":null}},"3":{"start":{"line":3,"column":18},"end":{"line":3,"column":null}},"4":{"start":{"line":4,"column":19},"end":{"line":4,"column":null}},"5":{"start":{"line":5,"column":4},"end":{"line":7,"column":null}},"6":{"start":{"line":11,"column":2},"end":{"line":11,"column":null}}},"fnMap":{"0":{"name":"(anonymous_1)","decl":{"start":{"line":1,"column":30},"end":{"line":1,"column":31}},"loc":{"start":{"line":1,"column":44},"end":{"line":12,"column":null}}},"1":{"name":"(anonymous_2)","decl":{"start":{"line":2,"column":36},"end":{"line":2,"column":37}},"loc":{"start":{"line":2,"column":37},"end":{"line":9,"column":null}}}},"branchMap":{"0":{"loc":{"start":{"line":3,"column":19},"end":{"line":3,"column":44}},"type":"binary-expr","locations":[{"start":{"line":3,"column":19},"end":{"line":3,"column":43}},{"start":{"line":3,"column":43},"end":{"line":3,"column":44}}]},"1":{"loc":{"start":{"line":4,"column":20},"end":{"line":4,"column":52}},"type":"binary-expr","locations":[{"start":{"line":4,"column":20},"end":{"line":4,"column":51}},{"start":{"line":4,"column":51},"end":{"line":4,"column":52}}]},"2":{"loc":{"start":{"line":6,"column":6},"end":{"line":7,"column":null}},"type":"binary-expr","locations":[{"start":{"line":6,"column":6},"end":{"line":6,"column":null}},{"start":{"line":7,"column":6},"end":{"line":7,"column":null}}]}},"s":{"0":3,"1":1,"2":3,"3":7,"4":7,"5":7,"6":3},"f":{"0":3,"1":7},"b":{"0":[7,0],"1":[7,0],"2":[7,3]}}
,"/Users/kumaakai/Desktop/Inditex/inditex/pages/api/podcast/[id].ts": {"path":"/Users/kumaakai/Desktop/Inditex/inditex/pages/api/podcast/[id].ts","statementMap":{"0":{"start":{"line":20,"column":0},"end":{"line":20,"column":15}},"1":{"start":{"line":2,"column":18},"end":{"line":2,"column":null}},"2":{"start":{"line":4,"column":32},"end":{"line":18,"column":null}},"3":{"start":{"line":8,"column":17},"end":{"line":8,"column":26}},"4":{"start":{"line":10,"column":2},"end":{"line":17,"column":null}},"5":{"start":{"line":11,"column":21},"end":{"line":12,"column":null}},"6":{"start":{"line":14,"column":4},"end":{"line":14,"column":null}},"7":{"start":{"line":16,"column":4},"end":{"line":16,"column":null}},"8":{"start":{"line":20,"column":15},"end":{"line":20,"column":null}}},"fnMap":{"0":{"name":"(anonymous_2)","decl":{"start":{"line":4,"column":32},"end":{"line":4,"column":null}},"loc":{"start":{"line":6,"column":2},"end":{"line":18,"column":null}}}},"branchMap":{},"s":{"0":0,"1":0,"2":0,"3":0,"4":0,"5":0,"6":0,"7":0,"8":0},"f":{"0":0},"b":{}}
,"/Users/kumaakai/Desktop/Inditex/inditex/pages/api/podcast/index.ts": {"path":"/Users/kumaakai/Desktop/Inditex/inditex/pages/api/podcast/index.ts","statementMap":{"0":{"start":{"line":15,"column":0},"end":{"line":15,"column":15}},"1":{"start":{"line":1,"column":18},"end":{"line":1,"column":null}},"2":{"start":{"line":4,"column":26},"end":{"line":13,"column":null}},"3":{"start":{"line":5,"column":2},"end":{"line":12,"column":null}},"4":{"start":{"line":6,"column":21},"end":{"line":7,"column":null}},"5":{"start":{"line":9,"column":4},"end":{"line":9,"column":null}},"6":{"start":{"line":11,"column":4},"end":{"line":11,"column":null}},"7":{"start":{"line":15,"column":15},"end":{"line":15,"column":null}}},"fnMap":{"0":{"name":"(anonymous_2)","decl":{"start":{"line":4,"column":26},"end":{"line":4,"column":33}},"loc":{"start":{"line":4,"column":54},"end":{"line":13,"column":null}}}},"branchMap":{},"s":{"0":0,"1":0,"2":0,"3":0,"4":0,"5":0,"6":0,"7":0},"f":{"0":0},"b":{}}
}
