TN:
SF:app/layout.tsx
FN:11,RootLayout
FNF:1
FNH:1
FNDA:1,RootLayout
DA:2,1
DA:4,1
DA:5,1
DA:7,1
DA:9,1
DA:11,1
LF:6
LH:6
BRF:0
BRH:0
end_of_record
TN:
SF:app/middleware.ts
FN:3,middleware
FNF:1
FNH:0
FNDA:0,middleware
DA:3,0
DA:5,0
DA:11,0
DA:12,0
DA:15,0
LF:5
LH:0
BRF:0
BRH:0
end_of_record
TN:
SF:app/page.tsx
FN:4,HomePageApp
FNF:1
FNH:1
FNDA:1,HomePageApp
DA:1,1
DA:2,1
DA:4,1
LF:3
LH:3
BRF:0
BRH:0
end_of_record
TN:
SF:app/registry.tsx
FN:6,StyledComponentsRegistry
FN:13,(anonymous_5)
FN:15,(anonymous_6)
FNF:3
FNH:3
FNDA:2,StyledComponentsRegistry
FNDA:2,(anonymous_5)
FNDA:1,(anonymous_6)
DA:2,2
DA:3,2
DA:4,2
DA:6,2
DA:13,2
DA:15,2
DA:16,1
DA:17,1
LF:8
LH:8
BRF:0
BRH:0
end_of_record
TN:
SF:app/podcast/page.tsx
FN:4,HomePageApp
FNF:1
FNH:1
FNDA:1,HomePageApp
DA:1,1
DA:2,1
DA:4,1
LF:3
LH:3
BRF:0
BRH:0
end_of_record
TN:
SF:app/podcast/[podcastId]/page.tsx
FN:5,HomePageApp
FNF:1
FNH:1
FNDA:1,HomePageApp
DA:2,1
DA:3,1
DA:5,1
LF:3
LH:3
BRF:0
BRH:0
end_of_record
TN:
SF:app/podcast/[podcastId]/episode/[episodeId]/page.tsx
FN:5,HomePageApp
FNF:1
FNH:1
FNDA:1,HomePageApp
DA:2,1
DA:3,1
DA:5,1
LF:3
LH:3
BRF:0
BRH:0
end_of_record
TN:
SF:components/Atoms/Button/index.tsx
FNF:0
FNH:0
DA:4,0
DA:12,0
LF:2
LH:0
BRF:0
BRH:0
end_of_record
TN:
SF:components/Atoms/Button/style.ts
FN:5,(anonymous_2)
FN:6,(anonymous_3)
FNF:2
FNH:0
FNDA:0,(anonymous_2)
FNDA:0,(anonymous_3)
DA:1,0
DA:4,0
DA:5,0
DA:6,0
LF:4
LH:0
BRDA:5,0,0,0
BRDA:5,0,1,0
BRDA:6,1,0,0
BRDA:6,1,1,0
BRF:4
BRH:0
end_of_record
TN:
SF:components/Atoms/H1/index.tsx
FNF:0
FNH:0
DA:4,7
DA:12,11
LF:2
LH:2
BRF:0
BRH:0
end_of_record
TN:
SF:components/Atoms/H1/style.ts
FN:6,(anonymous_2)
FN:7,(anonymous_3)
FNF:2
FNH:2
FNDA:11,(anonymous_2)
FNDA:11,(anonymous_3)
DA:1,7
DA:5,11
DA:6,11
DA:7,11
LF:4
LH:4
BRDA:6,0,0,0
BRDA:6,0,1,11
BRDA:7,1,0,0
BRDA:7,1,1,11
BRF:4
BRH:2
end_of_record
TN:
SF:components/Atoms/H2/index.tsx
FNF:0
FNH:0
DA:4,6
DA:12,11
LF:2
LH:2
BRF:0
BRH:0
end_of_record
TN:
SF:components/Atoms/H2/style.ts
FN:5,(anonymous_2)
FN:6,(anonymous_3)
FNF:2
FNH:2
FNDA:14,(anonymous_2)
FNDA:14,(anonymous_3)
DA:1,6
DA:4,14
DA:5,14
DA:6,14
LF:4
LH:4
BRDA:5,0,0,0
BRDA:5,0,1,14
BRDA:6,1,0,0
BRDA:6,1,1,14
BRF:4
BRH:2
end_of_record
TN:
SF:components/Atoms/H3/index.tsx
FNF:0
FNH:0
DA:3,3
DA:11,7
LF:2
LH:2
BRF:0
BRH:0
end_of_record
TN:
SF:components/Atoms/H3/style.ts
FN:5,(anonymous_2)
FN:6,(anonymous_3)
FNF:2
FNH:2
FNDA:7,(anonymous_2)
FNDA:7,(anonymous_3)
DA:1,3
DA:4,7
DA:5,7
DA:6,7
LF:4
LH:4
BRDA:5,0,0,0
BRDA:5,0,1,7
BRDA:6,1,0,0
BRDA:6,1,1,7
BRF:4
BRH:2
end_of_record
TN:
SF:components/Atoms/Paragraph/index.tsx
FNF:0
FNH:0
DA:2,3
DA:5,7
LF:2
LH:2
BRF:0
BRH:0
end_of_record
TN:
SF:components/Atoms/Paragraph/style.ts
FN:5,(anonymous_2)
FN:6,(anonymous_3)
FNF:2
FNH:2
FNDA:7,(anonymous_2)
FNDA:7,(anonymous_3)
DA:1,3
DA:4,7
DA:5,7
DA:6,7
LF:4
LH:4
BRDA:5,0,0,0
BRDA:5,0,1,7
BRDA:6,1,0,0
BRDA:6,1,1,7
BRF:4
BRH:2
end_of_record
TN:
SF:components/AudioPodcast/index.tsx
FNF:0
FNH:0
DA:2,1
DA:10,1
LF:2
LH:2
BRDA:6,0,0,0
BRF:1
BRH:0
end_of_record
TN:
SF:components/AudioPodcast/style.ts
FNF:0
FNH:0
DA:1,1
DA:3,1
DA:8,1
LF:3
LH:3
BRF:0
BRH:0
end_of_record
TN:
SF:components/Cards/Card/index.tsx
FN:18,(anonymous_2)
FNF:1
FNH:1
FNDA:5,(anonymous_2)
DA:2,2
DA:3,2
DA:5,2
DA:6,2
DA:14,2
DA:18,2
DA:45,5
LF:7
LH:7
BRF:0
BRH:0
end_of_record
TN:
SF:components/Cards/Card/style.ts
FNF:0
FNH:0
DA:1,2
DA:2,2
DA:3,2
DA:5,5
DA:30,5
DA:39,5
DA:45,5
DA:55,5
LF:8
LH:8
BRF:0
BRH:0
end_of_record
TN:
SF:components/Cards/CardXl/contracts.ts
FNF:0
FNH:0
DA:3,3
LF:1
LH:1
BRF:0
BRH:0
end_of_record
TN:
SF:components/Cards/CardXl/index.tsx
FN:18,(anonymous_2)
FN:23,(anonymous_3)
FNF:2
FNH:2
FNDA:7,(anonymous_2)
FNDA:7,(anonymous_3)
DA:2,3
DA:3,3
DA:4,3
DA:5,3
DA:7,3
DA:8,3
DA:9,3
DA:10,3
DA:12,3
DA:13,3
DA:14,3
DA:16,3
DA:18,3
DA:19,7
DA:20,7
DA:21,7
DA:22,7
DA:23,7
DA:26,7
DA:27,0
DA:30,7
DA:79,7
LF:22
LH:21
BRDA:26,0,0,0
BRDA:26,1,0,7
BRDA:26,1,1,7
BRDA:30,2,0,7
BRDA:30,2,1,0
BRDA:42,3,0,7
BRDA:42,3,1,7
BRDA:47,4,0,7
BRDA:47,4,1,0
BRDA:47,5,0,7
BRDA:47,5,1,7
BRF:11
BRH:8
end_of_record
TN:
SF:components/Cards/CardXl/style.ts
FNF:0
FNH:0
DA:1,3
DA:3,7
LF:2
LH:2
BRF:0
BRH:0
end_of_record
TN:
SF:components/Loading/LoadingAnimation.tsx
FN:56,(anonymous_5)
FNF:1
FNH:1
FNDA:2,(anonymous_5)
DA:1,6
DA:2,6
DA:4,6
DA:10,6
DA:17,6
DA:56,6
DA:64,6
LF:7
LH:7
BRF:0
BRH:0
end_of_record
TN:
SF:components/Loading/index.tsx
FN:6,(anonymous_2)
FNF:1
FNH:1
FNDA:5,(anonymous_2)
DA:2,6
DA:6,6
DA:16,1
DA:19,6
LF:4
LH:4
BRF:0
BRH:0
end_of_record
TN:
SF:components/Nav/index.tsx
FN:9,(anonymous_2)
FN:12,(anonymous_3)
FNF:2
FNH:2
FNDA:9,(anonymous_2)
FNDA:9,(anonymous_3)
DA:1,6
DA:2,6
DA:4,6
DA:5,6
DA:7,6
DA:9,6
DA:10,9
DA:12,9
DA:13,9
DA:28,9
LF:10
LH:10
BRDA:13,0,0,9
BRDA:13,0,1,8
BRDA:18,1,0,2
BRF:3
BRH:3
end_of_record
TN:
SF:components/Nav/style.ts
FNF:0
FNH:0
DA:2,6
DA:4,9
LF:2
LH:2
BRF:0
BRH:0
end_of_record
TN:
SF:components/Podcaster/index.tsx
FN:13,(anonymous_2)
FN:16,(anonymous_3)
FN:31,(anonymous_4)
FNF:3
FNH:2
FNDA:5,(anonymous_2)
FNDA:0,(anonymous_3)
FNDA:3,(anonymous_4)
DA:2,1
DA:4,1
DA:5,1
DA:6,1
DA:8,1
DA:9,1
DA:11,1
DA:13,1
DA:14,5
DA:15,5
DA:16,5
DA:18,5
DA:19,0
DA:20,0
DA:32,3
DA:39,3
DA:47,5
LF:17
LH:15
BRDA:18,0,0,0
BRDA:24,1,0,5
BRDA:24,1,1,4
BRDA:30,2,0,3
BRDA:30,2,1,0
BRF:5
BRH:3
end_of_record
TN:
SF:components/Podcaster/style.ts
FNF:0
FNH:0
DA:1,1
DA:3,3
LF:2
LH:2
BRF:0
BRH:0
end_of_record
TN:
SF:components/Podcaster/PodcastDetail/index.tsx
FN:7,PodcastDetail
FNF:1
FNH:1
FNDA:2,PodcastDetail
DA:2,1
DA:3,1
DA:5,1
DA:7,2
LF:4
LH:4
BRF:0
BRH:0
end_of_record
TN:
SF:components/Podcaster/PodcastDetail/style.ts
FNF:0
FNH:0
DA:1,2
DA:3,2
DA:18,2
DA:22,2
DA:75,2
LF:5
LH:5
BRF:0
BRH:0
end_of_record
TN:
SF:components/Podcaster/PodcastDetail/PodcastEpisodeDetail/index.tsx
FN:13,(anonymous_2)
FN:25,(anonymous_3)
FNF:2
FNH:2
FNDA:2,(anonymous_2)
FNDA:2,(anonymous_3)
DA:2,1
DA:3,1
DA:5,1
DA:6,1
DA:7,1
DA:8,1
DA:9,1
DA:11,1
DA:13,1
DA:14,2
DA:15,2
DA:16,2
DA:17,2
DA:21,2
DA:24,2
DA:25,2
DA:27,2
DA:28,2
DA:55,2
LF:19
LH:19
BRDA:16,0,0,0
BRDA:16,0,1,2
BRDA:24,1,0,2
BRDA:24,1,1,2
BRDA:27,2,0,2
BRDA:27,3,0,2
BRDA:27,3,1,2
BRDA:32,4,0,2
BRDA:32,4,1,2
BRDA:40,5,0,0
BRDA:40,5,1,2
BRDA:40,6,0,2
BRDA:40,6,1,2
BRF:13
BRH:11
end_of_record
TN:
SF:components/Podcaster/PodcastDetail/PodcastEpisodeDetailPage/index.tsx
FN:7,PodcastEpisodeDetailPage
FNF:1
FNH:1
FNDA:2,PodcastEpisodeDetailPage
DA:2,1
DA:3,1
DA:5,1
DA:7,2
LF:4
LH:4
BRF:0
BRH:0
end_of_record
TN:
SF:components/Podcaster/PodcastDetail/PodcastEpisodeDetailPage/style.ts
FNF:0
FNH:0
DA:1,1
DA:3,2
LF:2
LH:2
BRF:0
BRH:0
end_of_record
TN:
SF:components/Podcaster/PodcastDetail/PodcastEpisodes/index.tsx
FN:13,(anonymous_2)
FN:53,(anonymous_3)
FNF:2
FNH:2
FNDA:4,(anonymous_2)
FNDA:4,(anonymous_3)
DA:2,2
DA:3,2
DA:4,2
DA:6,2
DA:7,2
DA:8,2
DA:9,2
DA:11,2
DA:13,2
DA:14,4
DA:15,4
DA:16,4
DA:17,4
DA:21,4
DA:24,4
DA:28,4
DA:31,4
DA:33,4
DA:34,4
DA:54,4
DA:82,4
LF:21
LH:21
BRDA:16,0,0,0
BRDA:16,0,1,4
BRDA:24,1,0,4
BRDA:24,1,1,0
BRDA:24,2,0,4
BRDA:24,2,1,4
BRDA:31,3,0,4
BRDA:31,3,1,0
BRDA:31,4,0,4
BRDA:31,4,1,4
BRDA:33,5,0,4
BRDA:33,6,0,4
BRDA:33,6,1,4
BRDA:38,7,0,4
BRDA:38,7,1,4
BRDA:52,8,0,4
BRDA:52,8,1,0
BRDA:52,9,0,4
BRDA:52,9,1,4
BRF:19
BRH:15
end_of_record
TN:
SF:components/Podcaster/PodcastDetail/PodcastEpisodes/style.ts
FNF:0
FNH:0
DA:1,2
DA:3,2
DA:58,8
LF:3
LH:3
BRF:0
BRH:0
end_of_record
TN:
SF:components/Search/index.tsx
FN:9,(anonymous_4)
FN:11,(anonymous_5)
FN:14,(anonymous_6)
FN:19,(anonymous_7)
FN:26,(anonymous_8)
FN:28,(anonymous_9)
FNF:6
FNH:5
FNDA:7,(anonymous_4)
FNDA:0,(anonymous_5)
FNDA:1,(anonymous_6)
FNDA:1,(anonymous_7)
FNDA:7,(anonymous_8)
FNDA:4,(anonymous_9)
DA:1,2
DA:2,2
DA:5,2
DA:7,2
DA:9,2
DA:10,7
DA:11,7
DA:12,7
DA:14,7
DA:15,1
DA:16,1
DA:19,7
DA:20,1
DA:21,1
DA:22,1
DA:26,7
DA:27,7
DA:28,4
DA:29,4
DA:43,7
LF:20
LH:20
BRDA:21,0,0,1
BRDA:27,1,0,4
BRDA:37,2,0,7
BRF:3
BRH:3
end_of_record
TN:
SF:components/Search/style.ts
FNF:0
FNH:0
DA:1,2
DA:3,7
DA:10,4
DA:26,7
LF:4
LH:4
BRF:0
BRH:0
end_of_record
TN:
SF:components/Templates/index.tsx
FNF:0
FNH:0
DA:4,5
DA:7,5
DA:8,5
DA:17,6
LF:4
LH:4
BRF:0
BRH:0
end_of_record
TN:
SF:components/Templates/style.ts
FNF:0
FNH:0
DA:1,5
DA:3,6
LF:2
LH:2
BRF:0
BRH:0
end_of_record
TN:
SF:lib/constants/routes.ts
FNF:0
FNH:0
DA:1,13
DA:12,39
LF:2
LH:2
BRF:0
BRH:0
end_of_record
TN:
SF:lib/helpers/functions.ts
FN:1,(anonymous_6)
FN:12,(anonymous_7)
FN:22,(anonymous_8)
FN:26,(anonymous_9)
FN:28,(anonymous_10)
FNF:5
FNH:4
FNDA:4,(anonymous_6)
FNDA:4,(anonymous_7)
FNDA:5,(anonymous_8)
FNDA:11,(anonymous_9)
FNDA:0,(anonymous_10)
DA:1,7
DA:2,4
DA:3,4
DA:4,4
DA:5,4
DA:6,4
DA:9,4
DA:12,7
DA:13,4
DA:14,4
DA:15,4
DA:16,4
DA:19,4
DA:22,7
DA:23,5
DA:26,11
DA:28,7
DA:29,0
LF:18
LH:17
BRF:0
BRH:0
end_of_record
TN:
SF:lib/hooks/useGetData.ts
FN:3,(anonymous_1)
FN:10,(anonymous_2)
FN:13,(anonymous_3)
FN:15,(anonymous_4)
FN:23,(anonymous_5)
FN:24,(anonymous_6)
FNF:6
FNH:2
FNDA:2,(anonymous_1)
FNDA:1,(anonymous_2)
FNDA:0,(anonymous_3)
FNDA:0,(anonymous_4)
FNDA:0,(anonymous_5)
FNDA:0,(anonymous_6)
DA:1,1
DA:3,2
DA:4,2
DA:5,2
DA:6,2
DA:8,2
DA:10,2
DA:11,1
DA:12,1
DA:13,1
DA:14,0
DA:16,0
DA:17,0
DA:18,0
DA:20,0
DA:21,0
DA:23,0
DA:25,0
DA:26,0
DA:33,2
LF:20
LH:11
BRDA:3,0,0,2
BRDA:8,1,0,0
BRDA:8,1,1,2
BRDA:12,2,0,1
BRDA:16,3,0,0
BRF:5
BRH:3
end_of_record
TN:
SF:lib/hooks/useGetPodcasts.ts
FN:6,(anonymous_1)
FN:7,(anonymous_2)
FN:10,(anonymous_3)
FNF:3
FNH:3
FNDA:2,(anonymous_1)
FNDA:2,(anonymous_2)
FNDA:2,(anonymous_3)
DA:1,1
DA:2,1
DA:4,1
DA:6,2
DA:7,2
DA:8,2
DA:9,2
DA:10,2
DA:11,2
DA:12,2
DA:13,2
DA:14,1
DA:15,1
DA:16,0
DA:17,0
DA:19,0
DA:26,2
LF:17
LH:14
BRDA:12,0,0,2
BRDA:13,1,0,1
BRDA:13,2,0,2
BRDA:13,2,1,2
BRDA:15,3,0,0
BRDA:15,4,0,1
BRDA:15,4,1,0
BRDA:16,5,0,0
BRDA:16,5,1,0
BRF:9
BRH:5
end_of_record
TN:
SF:lib/providers/ReduxProvider.tsx
FN:5,ReduxProvider
FNF:1
FNH:1
FNDA:10,ReduxProvider
DA:2,5
DA:3,5
DA:5,10
LF:3
LH:3
BRF:0
BRH:0
end_of_record
TN:
SF:lib/redux/store.ts
FNF:0
FNH:0
DA:1,5
DA:2,5
DA:3,5
DA:4,5
DA:5,5
DA:6,5
DA:8,5
DA:10,10
DA:19,5
LF:9
LH:9
BRF:0
BRH:0
end_of_record
TN:
SF:lib/redux/reducers/podcasts.ts
FN:22,(anonymous_8)
FN:26,(anonymous_9)
FN:31,(anonymous_10)
FN:36,(anonymous_11)
FN:41,(anonymous_12)
FN:55,(anonymous_13)
FN:58,(anonymous_14)
FN:68,(anonymous_15)
FN:71,(anonymous_16)
FNF:9
FNH:0
FNDA:0,(anonymous_8)
FNDA:0,(anonymous_9)
FNDA:0,(anonymous_10)
FNDA:0,(anonymous_11)
FNDA:0,(anonymous_12)
FNDA:0,(anonymous_13)
FNDA:0,(anonymous_14)
FNDA:0,(anonymous_15)
FNDA:0,(anonymous_16)
DA:1,5
DA:2,5
DA:12,5
DA:18,5
DA:23,0
DA:24,0
DA:27,0
DA:28,0
DA:29,0
DA:32,0
DA:33,0
DA:34,0
DA:37,0
DA:38,0
DA:39,0
DA:42,0
DA:43,0
DA:49,0
DA:50,0
DA:51,0
DA:52,0
DA:53,5
DA:55,5
DA:56,0
DA:57,0
DA:58,0
DA:59,0
DA:60,0
DA:61,0
DA:64,0
DA:68,5
DA:69,0
DA:70,0
DA:71,0
DA:72,0
DA:75,0
DA:79,5
LF:37
LH:8
BRF:0
BRH:0
end_of_record
TN:
SF:lib/redux/reducers/search.ts
FN:15,(anonymous_4)
FN:25,(anonymous_5)
FN:26,(anonymous_6)
FNF:3
FNH:0
FNDA:0,(anonymous_4)
FNDA:0,(anonymous_5)
FNDA:0,(anonymous_6)
DA:1,6
DA:7,6
DA:11,6
DA:16,0
DA:22,0
DA:23,6
DA:25,6
DA:26,0
DA:27,0
DA:31,6
LF:10
LH:6
BRF:0
BRH:0
end_of_record
TN:
SF:lib/redux/reducers/saga/hello.saga.ts
FN:1,helloSaga
FNF:1
FNH:0
FNDA:0,helloSaga
DA:1,0
DA:2,0
LF:2
LH:0
BRF:0
BRH:0
end_of_record
TN:
SF:lib/redux/reducers/saga/podcast/postcatss.saga.ts
FN:5,workGetData
FN:7,(anonymous_3)
FN:15,podcastsWatcher
FNF:3
FNH:1
FNDA:0,workGetData
FNDA:0,(anonymous_3)
FNDA:5,podcastsWatcher
DA:1,5
DA:2,5
DA:3,5
DA:6,0
DA:7,0
DA:8,0
DA:9,0
DA:11,0
DA:16,5
DA:19,5
LF:10
LH:5
BRF:0
BRH:0
end_of_record
TN:
SF:lib/redux/reducers/saga/podcast/slice.saga.ts
FN:22,(anonymous_8)
FN:26,(anonymous_9)
FN:31,(anonymous_10)
FN:36,(anonymous_11)
FN:41,(anonymous_12)
FN:55,(anonymous_13)
FN:58,(anonymous_14)
FN:68,(anonymous_15)
FN:71,(anonymous_16)
FNF:9
FNH:0
FNDA:0,(anonymous_8)
FNDA:0,(anonymous_9)
FNDA:0,(anonymous_10)
FNDA:0,(anonymous_11)
FNDA:0,(anonymous_12)
FNDA:0,(anonymous_13)
FNDA:0,(anonymous_14)
FNDA:0,(anonymous_15)
FNDA:0,(anonymous_16)
DA:1,5
DA:2,5
DA:12,5
DA:18,5
DA:23,0
DA:24,0
DA:27,0
DA:28,0
DA:29,0
DA:32,0
DA:33,0
DA:34,0
DA:37,0
DA:38,0
DA:39,0
DA:42,0
DA:43,0
DA:49,0
DA:50,0
DA:51,0
DA:52,0
DA:53,5
DA:55,5
DA:56,0
DA:57,0
DA:58,0
DA:59,0
DA:60,0
DA:61,0
DA:64,0
DA:68,5
DA:69,0
DA:70,0
DA:71,0
DA:72,0
DA:75,0
DA:79,5
LF:37
LH:8
BRF:0
BRH:0
end_of_record
TN:
SF:lib/services/axios.api.ts
FN:8,(anonymous_2)
FNF:1
FNH:0
FNDA:0,(anonymous_2)
DA:1,5
DA:2,5
DA:3,5
DA:5,5
DA:6,5
DA:8,5
DA:9,0
DA:12,5
LF:8
LH:7
BRDA:5,0,0,0
BRDA:5,0,1,5
BRF:2
BRH:1
end_of_record
TN:
SF:lib/services/podcastService.ts
FN:3,(anonymous_2)
FNF:1
FNH:0
FNDA:0,(anonymous_2)
DA:1,5
DA:3,5
DA:4,0
DA:5,0
LF:4
LH:2
BRDA:3,0,0,0
BRF:1
BRH:0
end_of_record
TN:
SF:lib/utils/utils.ts
FN:1,(anonymous_1)
FN:2,(anonymous_2)
FNF:2
FNH:2
FNDA:3,(anonymous_1)
FNDA:7,(anonymous_2)
DA:1,3
DA:2,3
DA:3,7
DA:4,7
DA:5,7
DA:11,3
LF:6
LH:6
BRDA:3,0,0,7
BRDA:3,0,1,0
BRDA:4,1,0,7
BRDA:4,1,1,0
BRDA:6,2,0,7
BRDA:6,2,1,3
BRF:6
BRH:4
end_of_record
TN:
SF:pages/api/podcast/[id].ts
FN:4,(anonymous_2)
FNF:1
FNH:0
FNDA:0,(anonymous_2)
DA:2,0
DA:4,0
DA:8,0
DA:10,0
DA:11,0
DA:14,0
DA:16,0
DA:20,0
LF:8
LH:0
BRF:0
BRH:0
end_of_record
TN:
SF:pages/api/podcast/index.ts
FN:4,(anonymous_2)
FNF:1
FNH:0
FNDA:0,(anonymous_2)
DA:1,0
DA:4,0
DA:5,0
DA:6,0
DA:9,0
DA:11,0
DA:15,0
LF:7
LH:0
BRF:0
BRH:0
end_of_record
